The target system is: Android - 1 - armv7-a
The host system is: Darwin - 19.6.0 - x86_64
Compiling the CXX compiler identification source file "CMakeCXXCompilerId.cpp" succeeded.
Compiler: /Users/longlom/Library/Android/sdk/ndk/22.0.7026061/toolchains/llvm/prebuilt/darwin-x86_64/bin/clang++ 
Build flags: -g;-DANDROID;-fdata-sections;-ffunction-sections;-funwind-tables;-fstack-protector-strong;-no-canonical-prefixes;-D_FORTIFY_SOURCE=2;-march=armv7-a;-mthumb;-Wformat;-Werror=format-security;;-DSPDLOG_COMPILED_LIBS
Id flags: -c;--target=armv7-none-linux-androideabi16 

The output was:
0


Compilation of the CXX compiler identification source "CMakeCXXCompilerId.cpp" produced "CMakeCXXCompilerId.o"

The CXX compiler identification is Clang, found in "/Users/longlom/Projects/rpo22/libs/spdlog/build/armeabi-v7a/CMakeFiles/3.19.5/CompilerIdCXX/CMakeCXXCompilerId.o"

Detecting CXX compiler ABI info compiled with the following output:
Change Dir: /Users/longlom/Projects/rpo22/libs/spdlog/build/armeabi-v7a/CMakeFiles/CMakeTmp

Run Build Command(s):/usr/local/bin/gmake cmTC_5ea9c/fast && /usr/local/bin/gmake  -f CMakeFiles/cmTC_5ea9c.dir/build.make CMakeFiles/cmTC_5ea9c.dir/build
gmake[1]: Entering directory '/Users/longlom/Projects/rpo22/libs/spdlog/build/armeabi-v7a/CMakeFiles/CMakeTmp'
Building CXX object CMakeFiles/cmTC_5ea9c.dir/CMakeCXXCompilerABI.cpp.o
/Users/longlom/Library/Android/sdk/ndk/22.0.7026061/toolchains/llvm/prebuilt/darwin-x86_64/bin/clang++ --target=armv7-none-linux-androideabi16 --gcc-toolchain=/Users/longlom/Library/Android/sdk/ndk/22.0.7026061/toolchains/llvm/prebuilt/darwin-x86_64 --sysroot=/Users/longlom/Library/Android/sdk/ndk/22.0.7026061/toolchains/llvm/prebuilt/darwin-x86_64/sysroot   -g -DANDROID -fdata-sections -ffunction-sections -funwind-tables -fstack-protector-strong -no-canonical-prefixes -D_FORTIFY_SOURCE=2 -march=armv7-a -mthumb -Wformat  -DSPDLOG_COMPILED_LIBS  -fPIE   -v -o CMakeFiles/cmTC_5ea9c.dir/CMakeCXXCompilerABI.cpp.o -c /usr/local/Cellar/cmake/3.19.5/share/cmake/Modules/CMakeCXXCompilerABI.cpp
Android (6875598, based on r399163b) clang version 11.0.5 (https://android.googlesource.com/toolchain/llvm-project 87f1315dfbea7c137aa2e6d362dbb457e388158d)
Target: armv7-none-linux-android16
Thread model: posix
InstalledDir: /Users/longlom/Library/Android/sdk/ndk/22.0.7026061/toolchains/llvm/prebuilt/darwin-x86_64/bin
Found candidate GCC installation: /Users/longlom/Library/Android/sdk/ndk/22.0.7026061/toolchains/llvm/prebuilt/darwin-x86_64/lib/gcc/arm-linux-androideabi/4.9.x
Selected GCC installation: /Users/longlom/Library/Android/sdk/ndk/22.0.7026061/toolchains/llvm/prebuilt/darwin-x86_64/lib/gcc/arm-linux-androideabi/4.9.x
Candidate multilib: thumb;@mthumb
Candidate multilib: armv7-a;@march=armv7-a
Candidate multilib: armv7-a/thumb;@march=armv7-a@mthumb
Candidate multilib: .;
Selected multilib: armv7-a/thumb;@march=armv7-a@mthumb
 (in-process)
 "/Users/longlom/Library/Android/sdk/ndk/22.0.7026061/toolchains/llvm/prebuilt/darwin-x86_64/bin/clang++" -cc1 -triple thumbv7-none-linux-android16 -emit-obj -mrelax-all -mnoexecstack -disable-free -disable-llvm-verifier -discard-value-names -main-file-name CMakeCXXCompilerABI.cpp -mrelocation-model pic -pic-level 2 -pic-is-pie -mframe-pointer=all -fno-rounding-math -mconstructor-aliases -munwind-tables -target-cpu generic -target-feature +soft-float-abi -target-feature +vfp2 -target-feature +vfp2sp -target-feature +vfp3 -target-feature +vfp3d16 -target-feature +vfp3d16sp -target-feature +vfp3sp -target-feature -fp16 -target-feature -vfp4 -target-feature -vfp4d16 -target-feature -vfp4d16sp -target-feature -vfp4sp -target-feature -fp-armv8 -target-feature -fp-armv8d16 -target-feature -fp-armv8d16sp -target-feature -fp-armv8sp -target-feature -fullfp16 -target-feature +fp64 -target-feature +d32 -target-feature +neon -target-feature -crypto -target-feature -fp16fml -target-abi aapcs-linux -mfloat-abi soft -fallow-half-arguments-and-returns -fno-split-dwarf-inlining -debug-info-kind=limited -dwarf-version=4 -debugger-tuning=gdb -target-linker-version 305 -v -ffunction-sections -fdata-sections -resource-dir /Users/longlom/Library/Android/sdk/ndk/22.0.7026061/toolchains/llvm/prebuilt/darwin-x86_64/lib64/clang/11.0.5 -D ANDROID -D _FORTIFY_SOURCE=2 -D SPDLOG_COMPILED_LIBS -isysroot /Users/longlom/Library/Android/sdk/ndk/22.0.7026061/toolchains/llvm/prebuilt/darwin-x86_64/sysroot -internal-isystem /Users/longlom/Library/Android/sdk/ndk/22.0.7026061/toolchains/llvm/prebuilt/darwin-x86_64/sysroot/usr/include/c++/v1 -internal-isystem /Users/longlom/Library/Android/sdk/ndk/22.0.7026061/toolchains/llvm/prebuilt/darwin-x86_64/sysroot/usr/local/include -internal-isystem /Users/longlom/Library/Android/sdk/ndk/22.0.7026061/toolchains/llvm/prebuilt/darwin-x86_64/lib64/clang/11.0.5/include -internal-externc-isystem /Users/longlom/Library/Android/sdk/ndk/22.0.7026061/toolchains/llvm/prebuilt/darwin-x86_64/sysroot/usr/include/arm-linux-androideabi -internal-externc-isystem /Users/longlom/Library/Android/sdk/ndk/22.0.7026061/toolchains/llvm/prebuilt/darwin-x86_64/sysroot/include -internal-externc-isystem /Users/longlom/Library/Android/sdk/ndk/22.0.7026061/toolchains/llvm/prebuilt/darwin-x86_64/sysroot/usr/include -Wformat -fdeprecated-macro -fdebug-compilation-dir /Users/longlom/Projects/rpo22/libs/spdlog/build/armeabi-v7a/CMakeFiles/CMakeTmp -ferror-limit 19 -stack-protector 2 -fno-signed-char -fgnuc-version=4.2.1 -fcxx-exceptions -fexceptions -o CMakeFiles/cmTC_5ea9c.dir/CMakeCXXCompilerABI.cpp.o -x c++ /usr/local/Cellar/cmake/3.19.5/share/cmake/Modules/CMakeCXXCompilerABI.cpp
clang -cc1 version 11.0.5 based upon LLVM 11.0.5git default target x86_64-apple-darwin19.6.0
ignoring nonexistent directory "/Users/longlom/Library/Android/sdk/ndk/22.0.7026061/toolchains/llvm/prebuilt/darwin-x86_64/sysroot/include"
#include "..." search starts here:
#include <...> search starts here:
 /Users/longlom/Library/Android/sdk/ndk/22.0.7026061/toolchains/llvm/prebuilt/darwin-x86_64/sysroot/usr/include/c++/v1
 /Users/longlom/Library/Android/sdk/ndk/22.0.7026061/toolchains/llvm/prebuilt/darwin-x86_64/sysroot/usr/local/include
 /Users/longlom/Library/Android/sdk/ndk/22.0.7026061/toolchains/llvm/prebuilt/darwin-x86_64/lib64/clang/11.0.5/include
 /Users/longlom/Library/Android/sdk/ndk/22.0.7026061/toolchains/llvm/prebuilt/darwin-x86_64/sysroot/usr/include/arm-linux-androideabi
 /Users/longlom/Library/Android/sdk/ndk/22.0.7026061/toolchains/llvm/prebuilt/darwin-x86_64/sysroot/usr/include
End of search list.
Linking CXX executable cmTC_5ea9c
/usr/local/Cellar/cmake/3.19.5/bin/cmake -E cmake_link_script CMakeFiles/cmTC_5ea9c.dir/link.txt --verbose=1
/Users/longlom/Library/Android/sdk/ndk/22.0.7026061/toolchains/llvm/prebuilt/darwin-x86_64/bin/clang++ --target=armv7-none-linux-androideabi16 --gcc-toolchain=/Users/longlom/Library/Android/sdk/ndk/22.0.7026061/toolchains/llvm/prebuilt/darwin-x86_64 --sysroot=/Users/longlom/Library/Android/sdk/ndk/22.0.7026061/toolchains/llvm/prebuilt/darwin-x86_64/sysroot -g -DANDROID -fdata-sections -ffunction-sections -funwind-tables -fstack-protector-strong -no-canonical-prefixes -D_FORTIFY_SOURCE=2 -march=armv7-a -mthumb -Wformat  -DSPDLOG_COMPILED_LIBS  -Wl,--exclude-libs,libgcc.a -Wl,--exclude-libs,libgcc_real.a -Wl,--exclude-libs,libatomic.a -static-libstdc++ -Wl,--build-id=sha1 -Wl,--no-rosegment -Wl,--fatal-warnings -Wl,--exclude-libs,libunwind.a -Wl,--no-undefined -Qunused-arguments -Wl,--gc-sections  -v CMakeFiles/cmTC_5ea9c.dir/CMakeCXXCompilerABI.cpp.o -o cmTC_5ea9c 
Android (6875598, based on r399163b) clang version 11.0.5 (https://android.googlesource.com/toolchain/llvm-project 87f1315dfbea7c137aa2e6d362dbb457e388158d)
Target: armv7-none-linux-android16
Thread model: posix
InstalledDir: /Users/longlom/Library/Android/sdk/ndk/22.0.7026061/toolchains/llvm/prebuilt/darwin-x86_64/bin
Found candidate GCC installation: /Users/longlom/Library/Android/sdk/ndk/22.0.7026061/toolchains/llvm/prebuilt/darwin-x86_64/lib/gcc/arm-linux-androideabi/4.9.x
Selected GCC installation: /Users/longlom/Library/Android/sdk/ndk/22.0.7026061/toolchains/llvm/prebuilt/darwin-x86_64/lib/gcc/arm-linux-androideabi/4.9.x
Candidate multilib: thumb;@mthumb
Candidate multilib: armv7-a;@march=armv7-a
Candidate multilib: armv7-a/thumb;@march=armv7-a@mthumb
Candidate multilib: .;
Selected multilib: armv7-a/thumb;@march=armv7-a@mthumb
 "/Users/longlom/Library/Android/sdk/ndk/22.0.7026061/toolchains/llvm/prebuilt/darwin-x86_64/bin/ld" --sysroot=/Users/longlom/Library/Android/sdk/ndk/22.0.7026061/toolchains/llvm/prebuilt/darwin-x86_64/sysroot -pie -z noexecstack -EL --warn-shared-textrel -z now -z relro -z max-page-size=4096 -X --hash-style=both --enable-new-dtags --eh-frame-hdr -m armelf_linux_eabi -dynamic-linker /system/bin/linker -o cmTC_5ea9c /Users/longlom/Library/Android/sdk/ndk/22.0.7026061/toolchains/llvm/prebuilt/darwin-x86_64/sysroot/usr/lib/arm-linux-androideabi/16/crtbegin_dynamic.o -L/Users/longlom/Library/Android/sdk/ndk/22.0.7026061/toolchains/llvm/prebuilt/darwin-x86_64/lib64/clang/11.0.5/lib/linux/arm -L/Users/longlom/Library/Android/sdk/ndk/22.0.7026061/toolchains/llvm/prebuilt/darwin-x86_64/lib/gcc/arm-linux-androideabi/4.9.x/armv7-a/thumb -L/Users/longlom/Library/Android/sdk/ndk/22.0.7026061/toolchains/llvm/prebuilt/darwin-x86_64/lib/gcc/arm-linux-androideabi/4.9.x/../../../../arm-linux-androideabi/lib/../lib/armv7-a/thumb -L/Users/longlom/Library/Android/sdk/ndk/22.0.7026061/toolchains/llvm/prebuilt/darwin-x86_64/sysroot/usr/lib/arm-linux-androideabi/16 -L/Users/longlom/Library/Android/sdk/ndk/22.0.7026061/toolchains/llvm/prebuilt/darwin-x86_64/sysroot/usr/lib/arm-linux-androideabi -L/Users/longlom/Library/Android/sdk/ndk/22.0.7026061/toolchains/llvm/prebuilt/darwin-x86_64/sysroot/usr/lib/../lib -L/Users/longlom/Library/Android/sdk/ndk/22.0.7026061/toolchains/llvm/prebuilt/darwin-x86_64/sysroot/usr/lib/arm-linux-androideabi/../../lib -L/Users/longlom/Library/Android/sdk/ndk/22.0.7026061/toolchains/llvm/prebuilt/darwin-x86_64/lib/gcc/arm-linux-androideabi/4.9.x/../../../../arm-linux-androideabi/lib/armv7-a/thumb -L/Users/longlom/Library/Android/sdk/ndk/22.0.7026061/toolchains/llvm/prebuilt/darwin-x86_64/sysroot/usr/lib --exclude-libs libgcc.a --exclude-libs libgcc_real.a --exclude-libs libatomic.a --build-id=sha1 --no-rosegment --fatal-warnings --exclude-libs libunwind.a --no-undefined --gc-sections CMakeFiles/cmTC_5ea9c.dir/CMakeCXXCompilerABI.cpp.o -Bstatic -lc++ -Bdynamic -lm -lgcc -ldl -lc -lgcc -ldl /Users/longlom/Library/Android/sdk/ndk/22.0.7026061/toolchains/llvm/prebuilt/darwin-x86_64/sysroot/usr/lib/arm-linux-androideabi/16/crtend_android.o
gmake[1]: Leaving directory '/Users/longlom/Projects/rpo22/libs/spdlog/build/armeabi-v7a/CMakeFiles/CMakeTmp'



Parsed CXX implicit include dir info from above output: rv=done
  found start of include info
  found start of implicit include info
    add: [/Users/longlom/Library/Android/sdk/ndk/22.0.7026061/toolchains/llvm/prebuilt/darwin-x86_64/sysroot/usr/include/c++/v1]
    add: [/Users/longlom/Library/Android/sdk/ndk/22.0.7026061/toolchains/llvm/prebuilt/darwin-x86_64/sysroot/usr/local/include]
    add: [/Users/longlom/Library/Android/sdk/ndk/22.0.7026061/toolchains/llvm/prebuilt/darwin-x86_64/lib64/clang/11.0.5/include]
    add: [/Users/longlom/Library/Android/sdk/ndk/22.0.7026061/toolchains/llvm/prebuilt/darwin-x86_64/sysroot/usr/include/arm-linux-androideabi]
    add: [/Users/longlom/Library/Android/sdk/ndk/22.0.7026061/toolchains/llvm/prebuilt/darwin-x86_64/sysroot/usr/include]
  end of search list found
  collapse include dir [/Users/longlom/Library/Android/sdk/ndk/22.0.7026061/toolchains/llvm/prebuilt/darwin-x86_64/sysroot/usr/include/c++/v1] ==> [/Users/longlom/Library/Android/sdk/ndk/22.0.7026061/toolchains/llvm/prebuilt/darwin-x86_64/sysroot/usr/include/c++/v1]
  collapse include dir [/Users/longlom/Library/Android/sdk/ndk/22.0.7026061/toolchains/llvm/prebuilt/darwin-x86_64/sysroot/usr/local/include] ==> [/Users/longlom/Library/Android/sdk/ndk/22.0.7026061/toolchains/llvm/prebuilt/darwin-x86_64/sysroot/usr/local/include]
  collapse include dir [/Users/longlom/Library/Android/sdk/ndk/22.0.7026061/toolchains/llvm/prebuilt/darwin-x86_64/lib64/clang/11.0.5/include] ==> [/Users/longlom/Library/Android/sdk/ndk/22.0.7026061/toolchains/llvm/prebuilt/darwin-x86_64/lib64/clang/11.0.5/include]
  collapse include dir [/Users/longlom/Library/Android/sdk/ndk/22.0.7026061/toolchains/llvm/prebuilt/darwin-x86_64/sysroot/usr/include/arm-linux-androideabi] ==> [/Users/longlom/Library/Android/sdk/ndk/22.0.7026061/toolchains/llvm/prebuilt/darwin-x86_64/sysroot/usr/include/arm-linux-androideabi]
  collapse include dir [/Users/longlom/Library/Android/sdk/ndk/22.0.7026061/toolchains/llvm/prebuilt/darwin-x86_64/sysroot/usr/include] ==> [/Users/longlom/Library/Android/sdk/ndk/22.0.7026061/toolchains/llvm/prebuilt/darwin-x86_64/sysroot/usr/include]
  implicit include dirs: [/Users/longlom/Library/Android/sdk/ndk/22.0.7026061/toolchains/llvm/prebuilt/darwin-x86_64/sysroot/usr/include/c++/v1;/Users/longlom/Library/Android/sdk/ndk/22.0.7026061/toolchains/llvm/prebuilt/darwin-x86_64/sysroot/usr/local/include;/Users/longlom/Library/Android/sdk/ndk/22.0.7026061/toolchains/llvm/prebuilt/darwin-x86_64/lib64/clang/11.0.5/include;/Users/longlom/Library/Android/sdk/ndk/22.0.7026061/toolchains/llvm/prebuilt/darwin-x86_64/sysroot/usr/include/arm-linux-androideabi;/Users/longlom/Library/Android/sdk/ndk/22.0.7026061/toolchains/llvm/prebuilt/darwin-x86_64/sysroot/usr/include]


Parsed CXX implicit link information from above output:
  link line regex: [^( *|.*[/\])(ld\.lld|CMAKE_LINK_STARTFILE-NOTFOUND|([^/\]+-)?ld|collect2)[^/\]*( |$)]
  ignore line: [Change Dir: /Users/longlom/Projects/rpo22/libs/spdlog/build/armeabi-v7a/CMakeFiles/CMakeTmp]
  ignore line: []
  ignore line: [Run Build Command(s):/usr/local/bin/gmake cmTC_5ea9c/fast && /usr/local/bin/gmake  -f CMakeFiles/cmTC_5ea9c.dir/build.make CMakeFiles/cmTC_5ea9c.dir/build]
  ignore line: [gmake[1]: Entering directory '/Users/longlom/Projects/rpo22/libs/spdlog/build/armeabi-v7a/CMakeFiles/CMakeTmp']
  ignore line: [Building CXX object CMakeFiles/cmTC_5ea9c.dir/CMakeCXXCompilerABI.cpp.o]
  ignore line: [/Users/longlom/Library/Android/sdk/ndk/22.0.7026061/toolchains/llvm/prebuilt/darwin-x86_64/bin/clang++ --target=armv7-none-linux-androideabi16 --gcc-toolchain=/Users/longlom/Library/Android/sdk/ndk/22.0.7026061/toolchains/llvm/prebuilt/darwin-x86_64 --sysroot=/Users/longlom/Library/Android/sdk/ndk/22.0.7026061/toolchains/llvm/prebuilt/darwin-x86_64/sysroot   -g -DANDROID -fdata-sections -ffunction-sections -funwind-tables -fstack-protector-strong -no-canonical-prefixes -D_FORTIFY_SOURCE=2 -march=armv7-a -mthumb -Wformat  -DSPDLOG_COMPILED_LIBS  -fPIE   -v -o CMakeFiles/cmTC_5ea9c.dir/CMakeCXXCompilerABI.cpp.o -c /usr/local/Cellar/cmake/3.19.5/share/cmake/Modules/CMakeCXXCompilerABI.cpp]
  ignore line: [Android (6875598  based on r399163b) clang version 11.0.5 (https://android.googlesource.com/toolchain/llvm-project 87f1315dfbea7c137aa2e6d362dbb457e388158d)]
  ignore line: [Target: armv7-none-linux-android16]
  ignore line: [Thread model: posix]
  ignore line: [InstalledDir: /Users/longlom/Library/Android/sdk/ndk/22.0.7026061/toolchains/llvm/prebuilt/darwin-x86_64/bin]
  ignore line: [Found candidate GCC installation: /Users/longlom/Library/Android/sdk/ndk/22.0.7026061/toolchains/llvm/prebuilt/darwin-x86_64/lib/gcc/arm-linux-androideabi/4.9.x]
  ignore line: [Selected GCC installation: /Users/longlom/Library/Android/sdk/ndk/22.0.7026061/toolchains/llvm/prebuilt/darwin-x86_64/lib/gcc/arm-linux-androideabi/4.9.x]
  ignore line: [Candidate multilib: thumb]
  ignore line: [@mthumb]
  ignore line: [Candidate multilib: armv7-a]
  ignore line: [@march=armv7-a]
  ignore line: [Candidate multilib: armv7-a/thumb]
  ignore line: [@march=armv7-a@mthumb]
  ignore line: [Candidate multilib: .]
  ignore line: []
  ignore line: [Selected multilib: armv7-a/thumb]
  ignore line: [@march=armv7-a@mthumb]
  ignore line: [ (in-process)]
  ignore line: [ "/Users/longlom/Library/Android/sdk/ndk/22.0.7026061/toolchains/llvm/prebuilt/darwin-x86_64/bin/clang++" -cc1 -triple thumbv7-none-linux-android16 -emit-obj -mrelax-all -mnoexecstack -disable-free -disable-llvm-verifier -discard-value-names -main-file-name CMakeCXXCompilerABI.cpp -mrelocation-model pic -pic-level 2 -pic-is-pie -mframe-pointer=all -fno-rounding-math -mconstructor-aliases -munwind-tables -target-cpu generic -target-feature +soft-float-abi -target-feature +vfp2 -target-feature +vfp2sp -target-feature +vfp3 -target-feature +vfp3d16 -target-feature +vfp3d16sp -target-feature +vfp3sp -target-feature -fp16 -target-feature -vfp4 -target-feature -vfp4d16 -target-feature -vfp4d16sp -target-feature -vfp4sp -target-feature -fp-armv8 -target-feature -fp-armv8d16 -target-feature -fp-armv8d16sp -target-feature -fp-armv8sp -target-feature -fullfp16 -target-feature +fp64 -target-feature +d32 -target-feature +neon -target-feature -crypto -target-feature -fp16fml -target-abi aapcs-linux -mfloat-abi soft -fallow-half-arguments-and-returns -fno-split-dwarf-inlining -debug-info-kind=limited -dwarf-version=4 -debugger-tuning=gdb -target-linker-version 305 -v -ffunction-sections -fdata-sections -resource-dir /Users/longlom/Library/Android/sdk/ndk/22.0.7026061/toolchains/llvm/prebuilt/darwin-x86_64/lib64/clang/11.0.5 -D ANDROID -D _FORTIFY_SOURCE=2 -D SPDLOG_COMPILED_LIBS -isysroot /Users/longlom/Library/Android/sdk/ndk/22.0.7026061/toolchains/llvm/prebuilt/darwin-x86_64/sysroot -internal-isystem /Users/longlom/Library/Android/sdk/ndk/22.0.7026061/toolchains/llvm/prebuilt/darwin-x86_64/sysroot/usr/include/c++/v1 -internal-isystem /Users/longlom/Library/Android/sdk/ndk/22.0.7026061/toolchains/llvm/prebuilt/darwin-x86_64/sysroot/usr/local/include -internal-isystem /Users/longlom/Library/Android/sdk/ndk/22.0.7026061/toolchains/llvm/prebuilt/darwin-x86_64/lib64/clang/11.0.5/include -internal-externc-isystem /Users/longlom/Library/Android/sdk/ndk/22.0.7026061/toolchains/llvm/prebuilt/darwin-x86_64/sysroot/usr/include/arm-linux-androideabi -internal-externc-isystem /Users/longlom/Library/Android/sdk/ndk/22.0.7026061/toolchains/llvm/prebuilt/darwin-x86_64/sysroot/include -internal-externc-isystem /Users/longlom/Library/Android/sdk/ndk/22.0.7026061/toolchains/llvm/prebuilt/darwin-x86_64/sysroot/usr/include -Wformat -fdeprecated-macro -fdebug-compilation-dir /Users/longlom/Projects/rpo22/libs/spdlog/build/armeabi-v7a/CMakeFiles/CMakeTmp -ferror-limit 19 -stack-protector 2 -fno-signed-char -fgnuc-version=4.2.1 -fcxx-exceptions -fexceptions -o CMakeFiles/cmTC_5ea9c.dir/CMakeCXXCompilerABI.cpp.o -x c++ /usr/local/Cellar/cmake/3.19.5/share/cmake/Modules/CMakeCXXCompilerABI.cpp]
  ignore line: [clang -cc1 version 11.0.5 based upon LLVM 11.0.5git default target x86_64-apple-darwin19.6.0]
  ignore line: [ignoring nonexistent directory "/Users/longlom/Library/Android/sdk/ndk/22.0.7026061/toolchains/llvm/prebuilt/darwin-x86_64/sysroot/include"]
  ignore line: [#include "..." search starts here:]
  ignore line: [#include <...> search starts here:]
  ignore line: [ /Users/longlom/Library/Android/sdk/ndk/22.0.7026061/toolchains/llvm/prebuilt/darwin-x86_64/sysroot/usr/include/c++/v1]
  ignore line: [ /Users/longlom/Library/Android/sdk/ndk/22.0.7026061/toolchains/llvm/prebuilt/darwin-x86_64/sysroot/usr/local/include]
  ignore line: [ /Users/longlom/Library/Android/sdk/ndk/22.0.7026061/toolchains/llvm/prebuilt/darwin-x86_64/lib64/clang/11.0.5/include]
  ignore line: [ /Users/longlom/Library/Android/sdk/ndk/22.0.7026061/toolchains/llvm/prebuilt/darwin-x86_64/sysroot/usr/include/arm-linux-androideabi]
  ignore line: [ /Users/longlom/Library/Android/sdk/ndk/22.0.7026061/toolchains/llvm/prebuilt/darwin-x86_64/sysroot/usr/include]
  ignore line: [End of search list.]
  ignore line: [Linking CXX executable cmTC_5ea9c]
  ignore line: [/usr/local/Cellar/cmake/3.19.5/bin/cmake -E cmake_link_script CMakeFiles/cmTC_5ea9c.dir/link.txt --verbose=1]
  ignore line: [/Users/longlom/Library/Android/sdk/ndk/22.0.7026061/toolchains/llvm/prebuilt/darwin-x86_64/bin/clang++ --target=armv7-none-linux-androideabi16 --gcc-toolchain=/Users/longlom/Library/Android/sdk/ndk/22.0.7026061/toolchains/llvm/prebuilt/darwin-x86_64 --sysroot=/Users/longlom/Library/Android/sdk/ndk/22.0.7026061/toolchains/llvm/prebuilt/darwin-x86_64/sysroot -g -DANDROID -fdata-sections -ffunction-sections -funwind-tables -fstack-protector-strong -no-canonical-prefixes -D_FORTIFY_SOURCE=2 -march=armv7-a -mthumb -Wformat  -DSPDLOG_COMPILED_LIBS  -Wl --exclude-libs libgcc.a -Wl --exclude-libs libgcc_real.a -Wl --exclude-libs libatomic.a -static-libstdc++ -Wl --build-id=sha1 -Wl --no-rosegment -Wl --fatal-warnings -Wl --exclude-libs libunwind.a -Wl --no-undefined -Qunused-arguments -Wl --gc-sections  -v CMakeFiles/cmTC_5ea9c.dir/CMakeCXXCompilerABI.cpp.o -o cmTC_5ea9c ]
  ignore line: [Android (6875598  based on r399163b) clang version 11.0.5 (https://android.googlesource.com/toolchain/llvm-project 87f1315dfbea7c137aa2e6d362dbb457e388158d)]
  ignore line: [Target: armv7-none-linux-android16]
  ignore line: [Thread model: posix]
  ignore line: [InstalledDir: /Users/longlom/Library/Android/sdk/ndk/22.0.7026061/toolchains/llvm/prebuilt/darwin-x86_64/bin]
  ignore line: [Found candidate GCC installation: /Users/longlom/Library/Android/sdk/ndk/22.0.7026061/toolchains/llvm/prebuilt/darwin-x86_64/lib/gcc/arm-linux-androideabi/4.9.x]
  ignore line: [Selected GCC installation: /Users/longlom/Library/Android/sdk/ndk/22.0.7026061/toolchains/llvm/prebuilt/darwin-x86_64/lib/gcc/arm-linux-androideabi/4.9.x]
  ignore line: [Candidate multilib: thumb]
  ignore line: [@mthumb]
  ignore line: [Candidate multilib: armv7-a]
  ignore line: [@march=armv7-a]
  ignore line: [Candidate multilib: armv7-a/thumb]
  ignore line: [@march=armv7-a@mthumb]
  ignore line: [Candidate multilib: .]
  ignore line: []
  ignore line: [Selected multilib: armv7-a/thumb]
  ignore line: [@march=armv7-a@mthumb]
  link line: [ "/Users/longlom/Library/Android/sdk/ndk/22.0.7026061/toolchains/llvm/prebuilt/darwin-x86_64/bin/ld" --sysroot=/Users/longlom/Library/Android/sdk/ndk/22.0.7026061/toolchains/llvm/prebuilt/darwin-x86_64/sysroot -pie -z noexecstack -EL --warn-shared-textrel -z now -z relro -z max-page-size=4096 -X --hash-style=both --enable-new-dtags --eh-frame-hdr -m armelf_linux_eabi -dynamic-linker /system/bin/linker -o cmTC_5ea9c /Users/longlom/Library/Android/sdk/ndk/22.0.7026061/toolchains/llvm/prebuilt/darwin-x86_64/sysroot/usr/lib/arm-linux-androideabi/16/crtbegin_dynamic.o -L/Users/longlom/Library/Android/sdk/ndk/22.0.7026061/toolchains/llvm/prebuilt/darwin-x86_64/lib64/clang/11.0.5/lib/linux/arm -L/Users/longlom/Library/Android/sdk/ndk/22.0.7026061/toolchains/llvm/prebuilt/darwin-x86_64/lib/gcc/arm-linux-androideabi/4.9.x/armv7-a/thumb -L/Users/longlom/Library/Android/sdk/ndk/22.0.7026061/toolchains/llvm/prebuilt/darwin-x86_64/lib/gcc/arm-linux-androideabi/4.9.x/../../../../arm-linux-androideabi/lib/../lib/armv7-a/thumb -L/Users/longlom/Library/Android/sdk/ndk/22.0.7026061/toolchains/llvm/prebuilt/darwin-x86_64/sysroot/usr/lib/arm-linux-androideabi/16 -L/Users/longlom/Library/Android/sdk/ndk/22.0.7026061/toolchains/llvm/prebuilt/darwin-x86_64/sysroot/usr/lib/arm-linux-androideabi -L/Users/longlom/Library/Android/sdk/ndk/22.0.7026061/toolchains/llvm/prebuilt/darwin-x86_64/sysroot/usr/lib/../lib -L/Users/longlom/Library/Android/sdk/ndk/22.0.7026061/toolchains/llvm/prebuilt/darwin-x86_64/sysroot/usr/lib/arm-linux-androideabi/../../lib -L/Users/longlom/Library/Android/sdk/ndk/22.0.7026061/toolchains/llvm/prebuilt/darwin-x86_64/lib/gcc/arm-linux-androideabi/4.9.x/../../../../arm-linux-androideabi/lib/armv7-a/thumb -L/Users/longlom/Library/Android/sdk/ndk/22.0.7026061/toolchains/llvm/prebuilt/darwin-x86_64/sysroot/usr/lib --exclude-libs libgcc.a --exclude-libs libgcc_real.a --exclude-libs libatomic.a --build-id=sha1 --no-rosegment --fatal-warnings --exclude-libs libunwind.a --no-undefined --gc-sections CMakeFiles/cmTC_5ea9c.dir/CMakeCXXCompilerABI.cpp.o -Bstatic -lc++ -Bdynamic -lm -lgcc -ldl -lc -lgcc -ldl /Users/longlom/Library/Android/sdk/ndk/22.0.7026061/toolchains/llvm/prebuilt/darwin-x86_64/sysroot/usr/lib/arm-linux-androideabi/16/crtend_android.o]
    arg [/Users/longlom/Library/Android/sdk/ndk/22.0.7026061/toolchains/llvm/prebuilt/darwin-x86_64/bin/ld] ==> ignore
    arg [--sysroot=/Users/longlom/Library/Android/sdk/ndk/22.0.7026061/toolchains/llvm/prebuilt/darwin-x86_64/sysroot] ==> ignore
    arg [-pie] ==> ignore
    arg [-znoexecstack] ==> ignore
    arg [-EL] ==> ignore
    arg [--warn-shared-textrel] ==> ignore
    arg [-znow] ==> ignore
    arg [-zrelro] ==> ignore
    arg [-zmax-page-size=4096] ==> ignore
    arg [-X] ==> ignore
    arg [--hash-style=both] ==> ignore
    arg [--enable-new-dtags] ==> ignore
    arg [--eh-frame-hdr] ==> ignore
    arg [-m] ==> ignore
    arg [armelf_linux_eabi] ==> ignore
    arg [-dynamic-linker] ==> ignore
    arg [/system/bin/linker] ==> ignore
    arg [-o] ==> ignore
    arg [cmTC_5ea9c] ==> ignore
    arg [/Users/longlom/Library/Android/sdk/ndk/22.0.7026061/toolchains/llvm/prebuilt/darwin-x86_64/sysroot/usr/lib/arm-linux-androideabi/16/crtbegin_dynamic.o] ==> ignore
    arg [-L/Users/longlom/Library/Android/sdk/ndk/22.0.7026061/toolchains/llvm/prebuilt/darwin-x86_64/lib64/clang/11.0.5/lib/linux/arm] ==> dir [/Users/longlom/Library/Android/sdk/ndk/22.0.7026061/toolchains/llvm/prebuilt/darwin-x86_64/lib64/clang/11.0.5/lib/linux/arm]
    arg [-L/Users/longlom/Library/Android/sdk/ndk/22.0.7026061/toolchains/llvm/prebuilt/darwin-x86_64/lib/gcc/arm-linux-androideabi/4.9.x/armv7-a/thumb] ==> dir [/Users/longlom/Library/Android/sdk/ndk/22.0.7026061/toolchains/llvm/prebuilt/darwin-x86_64/lib/gcc/arm-linux-androideabi/4.9.x/armv7-a/thumb]
    arg [-L/Users/longlom/Library/Android/sdk/ndk/22.0.7026061/toolchains/llvm/prebuilt/darwin-x86_64/lib/gcc/arm-linux-androideabi/4.9.x/../../../../arm-linux-androideabi/lib/../lib/armv7-a/thumb] ==> dir [/Users/longlom/Library/Android/sdk/ndk/22.0.7026061/toolchains/llvm/prebuilt/darwin-x86_64/lib/gcc/arm-linux-androideabi/4.9.x/../../../../arm-linux-androideabi/lib/../lib/armv7-a/thumb]
    arg [-L/Users/longlom/Library/Android/sdk/ndk/22.0.7026061/toolchains/llvm/prebuilt/darwin-x86_64/sysroot/usr/lib/arm-linux-androideabi/16] ==> dir [/Users/longlom/Library/Android/sdk/ndk/22.0.7026061/toolchains/llvm/prebuilt/darwin-x86_64/sysroot/usr/lib/arm-linux-androideabi/16]
    arg [-L/Users/longlom/Library/Android/sdk/ndk/22.0.7026061/toolchains/llvm/prebuilt/darwin-x86_64/sysroot/usr/lib/arm-linux-androideabi] ==> dir [/Users/longlom/Library/Android/sdk/ndk/22.0.7026061/toolchains/llvm/prebuilt/darwin-x86_64/sysroot/usr/lib/arm-linux-androideabi]
    arg [-L/Users/longlom/Library/Android/sdk/ndk/22.0.7026061/toolchains/llvm/prebuilt/darwin-x86_64/sysroot/usr/lib/../lib] ==> dir [/Users/longlom/Library/Android/sdk/ndk/22.0.7026061/toolchains/llvm/prebuilt/darwin-x86_64/sysroot/usr/lib/../lib]
    arg [-L/Users/longlom/Library/Android/sdk/ndk/22.0.7026061/toolchains/llvm/prebuilt/darwin-x86_64/sysroot/usr/lib/arm-linux-androideabi/../../lib] ==> dir [/Users/longlom/Library/Android/sdk/ndk/22.0.7026061/toolchains/llvm/prebuilt/darwin-x86_64/sysroot/usr/lib/arm-linux-androideabi/../../lib]
    arg [-L/Users/longlom/Library/Android/sdk/ndk/22.0.7026061/toolchains/llvm/prebuilt/darwin-x86_64/lib/gcc/arm-linux-androideabi/4.9.x/../../../../arm-linux-androideabi/lib/armv7-a/thumb] ==> dir [/Users/longlom/Library/Android/sdk/ndk/22.0.7026061/toolchains/llvm/prebuilt/darwin-x86_64/lib/gcc/arm-linux-androideabi/4.9.x/../../../../arm-linux-androideabi/lib/armv7-a/thumb]
    arg [-L/Users/longlom/Library/Android/sdk/ndk/22.0.7026061/toolchains/llvm/prebuilt/darwin-x86_64/sysroot/usr/lib] ==> dir [/Users/longlom/Library/Android/sdk/ndk/22.0.7026061/toolchains/llvm/prebuilt/darwin-x86_64/sysroot/usr/lib]
    arg [--exclude-libs] ==> ignore
    arg [libgcc.a] ==> ignore
    arg [--exclude-libs] ==> ignore
    arg [libgcc_real.a] ==> ignore
    arg [--exclude-libs] ==> ignore
    arg [libatomic.a] ==> ignore
    arg [--build-id=sha1] ==> ignore
    arg [--no-rosegment] ==> ignore
    arg [--fatal-warnings] ==> ignore
    arg [--exclude-libs] ==> ignore
    arg [libunwind.a] ==> ignore
    arg [--no-undefined] ==> ignore
    arg [--gc-sections] ==> ignore
    arg [CMakeFiles/cmTC_5ea9c.dir/CMakeCXXCompilerABI.cpp.o] ==> ignore
    arg [-Bstatic] ==> ignore
    arg [-lc++] ==> lib [c++]
    arg [-Bdynamic] ==> ignore
    arg [-lm] ==> lib [m]
    arg [-lgcc] ==> lib [gcc]
    arg [-ldl] ==> lib [dl]
    arg [-lc] ==> lib [c]
    arg [-lgcc] ==> lib [gcc]
    arg [-ldl] ==> lib [dl]
    arg [/Users/longlom/Library/Android/sdk/ndk/22.0.7026061/toolchains/llvm/prebuilt/darwin-x86_64/sysroot/usr/lib/arm-linux-androideabi/16/crtend_android.o] ==> ignore
  collapse library dir [/Users/longlom/Library/Android/sdk/ndk/22.0.7026061/toolchains/llvm/prebuilt/darwin-x86_64/lib64/clang/11.0.5/lib/linux/arm] ==> [/Users/longlom/Library/Android/sdk/ndk/22.0.7026061/toolchains/llvm/prebuilt/darwin-x86_64/lib64/clang/11.0.5/lib/linux/arm]
  collapse library dir [/Users/longlom/Library/Android/sdk/ndk/22.0.7026061/toolchains/llvm/prebuilt/darwin-x86_64/lib/gcc/arm-linux-androideabi/4.9.x/armv7-a/thumb] ==> [/Users/longlom/Library/Android/sdk/ndk/22.0.7026061/toolchains/llvm/prebuilt/darwin-x86_64/lib/gcc/arm-linux-androideabi/4.9.x/armv7-a/thumb]
  collapse library dir [/Users/longlom/Library/Android/sdk/ndk/22.0.7026061/toolchains/llvm/prebuilt/darwin-x86_64/lib/gcc/arm-linux-androideabi/4.9.x/../../../../arm-linux-androideabi/lib/../lib/armv7-a/thumb] ==> [/Users/longlom/Library/Android/sdk/ndk/22.0.7026061/toolchains/llvm/prebuilt/darwin-x86_64/arm-linux-androideabi/lib/armv7-a/thumb]
  collapse library dir [/Users/longlom/Library/Android/sdk/ndk/22.0.7026061/toolchains/llvm/prebuilt/darwin-x86_64/sysroot/usr/lib/arm-linux-androideabi/16] ==> [/Users/longlom/Library/Android/sdk/ndk/22.0.7026061/toolchains/llvm/prebuilt/darwin-x86_64/sysroot/usr/lib/arm-linux-androideabi/16]
  collapse library dir [/Users/longlom/Library/Android/sdk/ndk/22.0.7026061/toolchains/llvm/prebuilt/darwin-x86_64/sysroot/usr/lib/arm-linux-androideabi] ==> [/Users/longlom/Library/Android/sdk/ndk/22.0.7026061/toolchains/llvm/prebuilt/darwin-x86_64/sysroot/usr/lib/arm-linux-androideabi]
  collapse library dir [/Users/longlom/Library/Android/sdk/ndk/22.0.7026061/toolchains/llvm/prebuilt/darwin-x86_64/sysroot/usr/lib/../lib] ==> [/Users/longlom/Library/Android/sdk/ndk/22.0.7026061/toolchains/llvm/prebuilt/darwin-x86_64/sysroot/usr/lib]
  collapse library dir [/Users/longlom/Library/Android/sdk/ndk/22.0.7026061/toolchains/llvm/prebuilt/darwin-x86_64/sysroot/usr/lib/arm-linux-androideabi/../../lib] ==> [/Users/longlom/Library/Android/sdk/ndk/22.0.7026061/toolchains/llvm/prebuilt/darwin-x86_64/sysroot/usr/lib]
  collapse library dir [/Users/longlom/Library/Android/sdk/ndk/22.0.7026061/toolchains/llvm/prebuilt/darwin-x86_64/lib/gcc/arm-linux-androideabi/4.9.x/../../../../arm-linux-androideabi/lib/armv7-a/thumb] ==> [/Users/longlom/Library/Android/sdk/ndk/22.0.7026061/toolchains/llvm/prebuilt/darwin-x86_64/arm-linux-androideabi/lib/armv7-a/thumb]
  collapse library dir [/Users/longlom/Library/Android/sdk/ndk/22.0.7026061/toolchains/llvm/prebuilt/darwin-x86_64/sysroot/usr/lib] ==> [/Users/longlom/Library/Android/sdk/ndk/22.0.7026061/toolchains/llvm/prebuilt/darwin-x86_64/sysroot/usr/lib]
  implicit libs: [c++;m;gcc;dl;c;gcc;dl]
  implicit dirs: [/Users/longlom/Library/Android/sdk/ndk/22.0.7026061/toolchains/llvm/prebuilt/darwin-x86_64/lib64/clang/11.0.5/lib/linux/arm;/Users/longlom/Library/Android/sdk/ndk/22.0.7026061/toolchains/llvm/prebuilt/darwin-x86_64/lib/gcc/arm-linux-androideabi/4.9.x/armv7-a/thumb;/Users/longlom/Library/Android/sdk/ndk/22.0.7026061/toolchains/llvm/prebuilt/darwin-x86_64/arm-linux-androideabi/lib/armv7-a/thumb;/Users/longlom/Library/Android/sdk/ndk/22.0.7026061/toolchains/llvm/prebuilt/darwin-x86_64/sysroot/usr/lib/arm-linux-androideabi/16;/Users/longlom/Library/Android/sdk/ndk/22.0.7026061/toolchains/llvm/prebuilt/darwin-x86_64/sysroot/usr/lib/arm-linux-androideabi;/Users/longlom/Library/Android/sdk/ndk/22.0.7026061/toolchains/llvm/prebuilt/darwin-x86_64/sysroot/usr/lib]
  implicit fwks: []


Determining if the include file pthread.h exists passed with the following output:
Change Dir: /Users/longlom/Projects/rpo22/libs/spdlog/build/armeabi-v7a/CMakeFiles/CMakeTmp

Run Build Command(s):/usr/local/bin/gmake cmTC_21b23/fast && /usr/local/bin/gmake  -f CMakeFiles/cmTC_21b23.dir/build.make CMakeFiles/cmTC_21b23.dir/build
gmake[1]: Entering directory '/Users/longlom/Projects/rpo22/libs/spdlog/build/armeabi-v7a/CMakeFiles/CMakeTmp'
Building CXX object CMakeFiles/cmTC_21b23.dir/CheckIncludeFile.cxx.o
/Users/longlom/Library/Android/sdk/ndk/22.0.7026061/toolchains/llvm/prebuilt/darwin-x86_64/bin/clang++ --target=armv7-none-linux-androideabi16 --gcc-toolchain=/Users/longlom/Library/Android/sdk/ndk/22.0.7026061/toolchains/llvm/prebuilt/darwin-x86_64 --sysroot=/Users/longlom/Library/Android/sdk/ndk/22.0.7026061/toolchains/llvm/prebuilt/darwin-x86_64/sysroot   -g -DANDROID -fdata-sections -ffunction-sections -funwind-tables -fstack-protector-strong -no-canonical-prefixes -D_FORTIFY_SOURCE=2 -march=armv7-a -mthumb -Wformat -Werror=format-security  -DSPDLOG_COMPILED_LIBS  -fPIE -std=c++11 -o CMakeFiles/cmTC_21b23.dir/CheckIncludeFile.cxx.o -c /Users/longlom/Projects/rpo22/libs/spdlog/build/armeabi-v7a/CMakeFiles/CMakeTmp/CheckIncludeFile.cxx
Linking CXX executable cmTC_21b23
/usr/local/Cellar/cmake/3.19.5/bin/cmake -E cmake_link_script CMakeFiles/cmTC_21b23.dir/link.txt --verbose=1
/Users/longlom/Library/Android/sdk/ndk/22.0.7026061/toolchains/llvm/prebuilt/darwin-x86_64/bin/clang++ --target=armv7-none-linux-androideabi16 --gcc-toolchain=/Users/longlom/Library/Android/sdk/ndk/22.0.7026061/toolchains/llvm/prebuilt/darwin-x86_64 --sysroot=/Users/longlom/Library/Android/sdk/ndk/22.0.7026061/toolchains/llvm/prebuilt/darwin-x86_64/sysroot -g -DANDROID -fdata-sections -ffunction-sections -funwind-tables -fstack-protector-strong -no-canonical-prefixes -D_FORTIFY_SOURCE=2 -march=armv7-a -mthumb -Wformat -Werror=format-security  -DSPDLOG_COMPILED_LIBS  -Wl,--exclude-libs,libgcc.a -Wl,--exclude-libs,libgcc_real.a -Wl,--exclude-libs,libatomic.a -static-libstdc++ -Wl,--build-id=sha1 -Wl,--no-rosegment -Wl,--fatal-warnings -Wl,--exclude-libs,libunwind.a -Wl,--no-undefined -Qunused-arguments -Wl,--gc-sections   CMakeFiles/cmTC_21b23.dir/CheckIncludeFile.cxx.o -o cmTC_21b23  -latomic -lm 
gmake[1]: Leaving directory '/Users/longlom/Projects/rpo22/libs/spdlog/build/armeabi-v7a/CMakeFiles/CMakeTmp'



