Performing C++ SOURCE FILE Test CMAKE_HAVE_LIBC_PTHREAD failed with the following output:
Change Dir: /Users/longlom/Projects/rpo22/libs/spdlog/build/armeabi-v7a/CMakeFiles/CMakeTmp

Run Build Command(s):/usr/local/bin/gmake cmTC_3ddd2/fast && /usr/local/bin/gmake  -f CMakeFiles/cmTC_3ddd2.dir/build.make CMakeFiles/cmTC_3ddd2.dir/build
gmake[1]: Entering directory '/Users/longlom/Projects/rpo22/libs/spdlog/build/armeabi-v7a/CMakeFiles/CMakeTmp'
Building CXX object CMakeFiles/cmTC_3ddd2.dir/src.cxx.o
/Users/longlom/Library/Android/sdk/ndk/22.0.7026061/toolchains/llvm/prebuilt/darwin-x86_64/bin/clang++ --target=armv7-none-linux-androideabi16 --gcc-toolchain=/Users/longlom/Library/Android/sdk/ndk/22.0.7026061/toolchains/llvm/prebuilt/darwin-x86_64 --sysroot=/Users/longlom/Library/Android/sdk/ndk/22.0.7026061/toolchains/llvm/prebuilt/darwin-x86_64/sysroot -DCMAKE_HAVE_LIBC_PTHREAD  -g -DANDROID -fdata-sections -ffunction-sections -funwind-tables -fstack-protector-strong -no-canonical-prefixes -D_FORTIFY_SOURCE=2 -march=armv7-a -mthumb -Wformat -Werror=format-security  -DSPDLOG_COMPILED_LIBS  -fPIE -std=c++11 -o CMakeFiles/cmTC_3ddd2.dir/src.cxx.o -c /Users/longlom/Projects/rpo22/libs/spdlog/build/armeabi-v7a/CMakeFiles/CMakeTmp/src.cxx
/Users/longlom/Projects/rpo22/libs/spdlog/build/armeabi-v7a/CMakeFiles/CMakeTmp/src.cxx:13:3: error: use of undeclared identifier 'pthread_cancel'
  pthread_cancel(thread);
  ^
1 error generated.
gmake[1]: *** [CMakeFiles/cmTC_3ddd2.dir/build.make:85: CMakeFiles/cmTC_3ddd2.dir/src.cxx.o] Error 1
gmake[1]: Leaving directory '/Users/longlom/Projects/rpo22/libs/spdlog/build/armeabi-v7a/CMakeFiles/CMakeTmp'
gmake: *** [Makefile:140: cmTC_3ddd2/fast] Error 2


Source file was:
#include <pthread.h>

static void* test_func(void* data)
{
  return data;
}

int main(void)
{
  pthread_t thread;
  pthread_create(&thread, NULL, test_func, NULL);
  pthread_detach(thread);
  pthread_cancel(thread);
  pthread_join(thread, NULL);
  pthread_atfork(NULL, NULL, NULL);
  pthread_exit(NULL);

  return 0;
}

Determining if the function pthread_create exists in the pthreads failed with the following output:
Change Dir: /Users/longlom/Projects/rpo22/libs/spdlog/build/armeabi-v7a/CMakeFiles/CMakeTmp

Run Build Command(s):/usr/local/bin/gmake cmTC_a6702/fast && /usr/local/bin/gmake  -f CMakeFiles/cmTC_a6702.dir/build.make CMakeFiles/cmTC_a6702.dir/build
gmake[1]: Entering directory '/Users/longlom/Projects/rpo22/libs/spdlog/build/armeabi-v7a/CMakeFiles/CMakeTmp'
Building CXX object CMakeFiles/cmTC_a6702.dir/CheckFunctionExists.cxx.o
/Users/longlom/Library/Android/sdk/ndk/22.0.7026061/toolchains/llvm/prebuilt/darwin-x86_64/bin/clang++ --target=armv7-none-linux-androideabi16 --gcc-toolchain=/Users/longlom/Library/Android/sdk/ndk/22.0.7026061/toolchains/llvm/prebuilt/darwin-x86_64 --sysroot=/Users/longlom/Library/Android/sdk/ndk/22.0.7026061/toolchains/llvm/prebuilt/darwin-x86_64/sysroot   -g -DANDROID -fdata-sections -ffunction-sections -funwind-tables -fstack-protector-strong -no-canonical-prefixes -D_FORTIFY_SOURCE=2 -march=armv7-a -mthumb -Wformat -Werror=format-security  -DSPDLOG_COMPILED_LIBS -DCHECK_FUNCTION_EXISTS=pthread_create -fPIE -std=c++11 -o CMakeFiles/cmTC_a6702.dir/CheckFunctionExists.cxx.o -c /Users/longlom/Projects/rpo22/libs/spdlog/build/armeabi-v7a/CMakeFiles/CheckLibraryExists/CheckFunctionExists.cxx
Linking CXX executable cmTC_a6702
/usr/local/Cellar/cmake/3.19.5/bin/cmake -E cmake_link_script CMakeFiles/cmTC_a6702.dir/link.txt --verbose=1
/Users/longlom/Library/Android/sdk/ndk/22.0.7026061/toolchains/llvm/prebuilt/darwin-x86_64/bin/clang++ --target=armv7-none-linux-androideabi16 --gcc-toolchain=/Users/longlom/Library/Android/sdk/ndk/22.0.7026061/toolchains/llvm/prebuilt/darwin-x86_64 --sysroot=/Users/longlom/Library/Android/sdk/ndk/22.0.7026061/toolchains/llvm/prebuilt/darwin-x86_64/sysroot -g -DANDROID -fdata-sections -ffunction-sections -funwind-tables -fstack-protector-strong -no-canonical-prefixes -D_FORTIFY_SOURCE=2 -march=armv7-a -mthumb -Wformat -Werror=format-security  -DSPDLOG_COMPILED_LIBS -DCHECK_FUNCTION_EXISTS=pthread_create -Wl,--exclude-libs,libgcc.a -Wl,--exclude-libs,libgcc_real.a -Wl,--exclude-libs,libatomic.a -static-libstdc++ -Wl,--build-id=sha1 -Wl,--no-rosegment -Wl,--fatal-warnings -Wl,--exclude-libs,libunwind.a -Wl,--no-undefined -Qunused-arguments -Wl,--gc-sections   CMakeFiles/cmTC_a6702.dir/CheckFunctionExists.cxx.o -o cmTC_a6702  -lpthreads -latomic -lm 
ld: error: unable to find library -lpthreads
clang++: error: linker command failed with exit code 1 (use -v to see invocation)
gmake[1]: *** [CMakeFiles/cmTC_a6702.dir/build.make:106: cmTC_a6702] Error 1
gmake[1]: Leaving directory '/Users/longlom/Projects/rpo22/libs/spdlog/build/armeabi-v7a/CMakeFiles/CMakeTmp'
gmake: *** [Makefile:140: cmTC_a6702/fast] Error 2



Determining if the function pthread_create exists in the pthread failed with the following output:
Change Dir: /Users/longlom/Projects/rpo22/libs/spdlog/build/armeabi-v7a/CMakeFiles/CMakeTmp

Run Build Command(s):/usr/local/bin/gmake cmTC_2cb07/fast && /usr/local/bin/gmake  -f CMakeFiles/cmTC_2cb07.dir/build.make CMakeFiles/cmTC_2cb07.dir/build
gmake[1]: Entering directory '/Users/longlom/Projects/rpo22/libs/spdlog/build/armeabi-v7a/CMakeFiles/CMakeTmp'
Building CXX object CMakeFiles/cmTC_2cb07.dir/CheckFunctionExists.cxx.o
/Users/longlom/Library/Android/sdk/ndk/22.0.7026061/toolchains/llvm/prebuilt/darwin-x86_64/bin/clang++ --target=armv7-none-linux-androideabi16 --gcc-toolchain=/Users/longlom/Library/Android/sdk/ndk/22.0.7026061/toolchains/llvm/prebuilt/darwin-x86_64 --sysroot=/Users/longlom/Library/Android/sdk/ndk/22.0.7026061/toolchains/llvm/prebuilt/darwin-x86_64/sysroot   -g -DANDROID -fdata-sections -ffunction-sections -funwind-tables -fstack-protector-strong -no-canonical-prefixes -D_FORTIFY_SOURCE=2 -march=armv7-a -mthumb -Wformat -Werror=format-security  -DSPDLOG_COMPILED_LIBS -DCHECK_FUNCTION_EXISTS=pthread_create -fPIE -std=c++11 -o CMakeFiles/cmTC_2cb07.dir/CheckFunctionExists.cxx.o -c /Users/longlom/Projects/rpo22/libs/spdlog/build/armeabi-v7a/CMakeFiles/CheckLibraryExists/CheckFunctionExists.cxx
Linking CXX executable cmTC_2cb07
/usr/local/Cellar/cmake/3.19.5/bin/cmake -E cmake_link_script CMakeFiles/cmTC_2cb07.dir/link.txt --verbose=1
/Users/longlom/Library/Android/sdk/ndk/22.0.7026061/toolchains/llvm/prebuilt/darwin-x86_64/bin/clang++ --target=armv7-none-linux-androideabi16 --gcc-toolchain=/Users/longlom/Library/Android/sdk/ndk/22.0.7026061/toolchains/llvm/prebuilt/darwin-x86_64 --sysroot=/Users/longlom/Library/Android/sdk/ndk/22.0.7026061/toolchains/llvm/prebuilt/darwin-x86_64/sysroot -g -DANDROID -fdata-sections -ffunction-sections -funwind-tables -fstack-protector-strong -no-canonical-prefixes -D_FORTIFY_SOURCE=2 -march=armv7-a -mthumb -Wformat -Werror=format-security  -DSPDLOG_COMPILED_LIBS -DCHECK_FUNCTION_EXISTS=pthread_create -Wl,--exclude-libs,libgcc.a -Wl,--exclude-libs,libgcc_real.a -Wl,--exclude-libs,libatomic.a -static-libstdc++ -Wl,--build-id=sha1 -Wl,--no-rosegment -Wl,--fatal-warnings -Wl,--exclude-libs,libunwind.a -Wl,--no-undefined -Qunused-arguments -Wl,--gc-sections   CMakeFiles/cmTC_2cb07.dir/CheckFunctionExists.cxx.o -o cmTC_2cb07  -lpthread -latomic -lm 
ld: error: unable to find library -lpthread
clang++: error: linker command failed with exit code 1 (use -v to see invocation)
gmake[1]: *** [CMakeFiles/cmTC_2cb07.dir/build.make:106: cmTC_2cb07] Error 1
gmake[1]: Leaving directory '/Users/longlom/Projects/rpo22/libs/spdlog/build/armeabi-v7a/CMakeFiles/CMakeTmp'
gmake: *** [Makefile:140: cmTC_2cb07/fast] Error 2



