Performing C SOURCE FILE Test CMAKE_HAVE_LIBC_PTHREAD failed with the following output:
Change Dir: /Users/longlom/Projects/rpo22/libs/mbedtls/build/x86_64/CMakeFiles/CMakeTmp

Run Build Command(s):/usr/local/bin/gmake cmTC_a3e01/fast && /usr/local/bin/gmake  -f CMakeFiles/cmTC_a3e01.dir/build.make CMakeFiles/cmTC_a3e01.dir/build
gmake[1]: Entering directory '/Users/longlom/Projects/rpo22/libs/mbedtls/build/x86_64/CMakeFiles/CMakeTmp'
Building C object CMakeFiles/cmTC_a3e01.dir/src.c.o
/Users/longlom/Library/Android/sdk/ndk/22.0.7026061/toolchains/llvm/prebuilt/darwin-x86_64/bin/clang --target=x86_64-none-linux-android21 --gcc-toolchain=/Users/longlom/Library/Android/sdk/ndk/22.0.7026061/toolchains/llvm/prebuilt/darwin-x86_64 --sysroot=/Users/longlom/Library/Android/sdk/ndk/22.0.7026061/toolchains/llvm/prebuilt/darwin-x86_64/sysroot -DCMAKE_HAVE_LIBC_PTHREAD  -g -DANDROID -fdata-sections -ffunction-sections -funwind-tables -fstack-protector-strong -no-canonical-prefixes -D_FORTIFY_SOURCE=2 -Wformat -Werror=format-security  -Wall -Wextra -Wwrite-strings -Wpointer-arith -Wimplicit-fallthrough -Wshadow -Wvla -Werror  -fPIE -o CMakeFiles/cmTC_a3e01.dir/src.c.o -c /Users/longlom/Projects/rpo22/libs/mbedtls/build/x86_64/CMakeFiles/CMakeTmp/src.c
/Users/longlom/Projects/rpo22/libs/mbedtls/build/x86_64/CMakeFiles/CMakeTmp/src.c:13:3: error: implicit declaration of function 'pthread_cancel' is invalid in C99 [-Werror,-Wimplicit-function-declaration]
  pthread_cancel(thread);
  ^
/Users/longlom/Projects/rpo22/libs/mbedtls/build/x86_64/CMakeFiles/CMakeTmp/src.c:13:3: note: did you mean 'pthread_once'?
/Users/longlom/Library/Android/sdk/ndk/22.0.7026061/toolchains/llvm/prebuilt/darwin-x86_64/sysroot/usr/include/pthread.h:275:5: note: 'pthread_once' declared here
int pthread_once(pthread_once_t* __once, void (*__init_routine)(void));
    ^
1 error generated.
gmake[1]: *** [CMakeFiles/cmTC_a3e01.dir/build.make:85: CMakeFiles/cmTC_a3e01.dir/src.c.o] Error 1
gmake[1]: Leaving directory '/Users/longlom/Projects/rpo22/libs/mbedtls/build/x86_64/CMakeFiles/CMakeTmp'
gmake: *** [Makefile:140: cmTC_a3e01/fast] Error 2


Source file was:
#include <pthread.h>

static void* test_func(void* data)
{
  return data;
}

int main(void)
{
  pthread_t thread;
  pthread_create(&thread, NULL, test_func, NULL);
  pthread_detach(thread);
  pthread_cancel(thread);
  pthread_join(thread, NULL);
  pthread_atfork(NULL, NULL, NULL);
  pthread_exit(NULL);

  return 0;
}

Determining if the function pthread_create exists in the pthreads failed with the following output:
Change Dir: /Users/longlom/Projects/rpo22/libs/mbedtls/build/x86_64/CMakeFiles/CMakeTmp

Run Build Command(s):/usr/local/bin/gmake cmTC_0b314/fast && /usr/local/bin/gmake  -f CMakeFiles/cmTC_0b314.dir/build.make CMakeFiles/cmTC_0b314.dir/build
gmake[1]: Entering directory '/Users/longlom/Projects/rpo22/libs/mbedtls/build/x86_64/CMakeFiles/CMakeTmp'
Building C object CMakeFiles/cmTC_0b314.dir/CheckFunctionExists.c.o
/Users/longlom/Library/Android/sdk/ndk/22.0.7026061/toolchains/llvm/prebuilt/darwin-x86_64/bin/clang --target=x86_64-none-linux-android21 --gcc-toolchain=/Users/longlom/Library/Android/sdk/ndk/22.0.7026061/toolchains/llvm/prebuilt/darwin-x86_64 --sysroot=/Users/longlom/Library/Android/sdk/ndk/22.0.7026061/toolchains/llvm/prebuilt/darwin-x86_64/sysroot   -g -DANDROID -fdata-sections -ffunction-sections -funwind-tables -fstack-protector-strong -no-canonical-prefixes -D_FORTIFY_SOURCE=2 -Wformat -Werror=format-security  -Wall -Wextra -Wwrite-strings -Wpointer-arith -Wimplicit-fallthrough -Wshadow -Wvla -Werror -DCHECK_FUNCTION_EXISTS=pthread_create -fPIE -o CMakeFiles/cmTC_0b314.dir/CheckFunctionExists.c.o -c /usr/local/Cellar/cmake/3.19.5/share/cmake/Modules/CheckFunctionExists.c
Linking C executable cmTC_0b314
/usr/local/Cellar/cmake/3.19.5/bin/cmake -E cmake_link_script CMakeFiles/cmTC_0b314.dir/link.txt --verbose=1
/Users/longlom/Library/Android/sdk/ndk/22.0.7026061/toolchains/llvm/prebuilt/darwin-x86_64/bin/clang --target=x86_64-none-linux-android21 --gcc-toolchain=/Users/longlom/Library/Android/sdk/ndk/22.0.7026061/toolchains/llvm/prebuilt/darwin-x86_64 --sysroot=/Users/longlom/Library/Android/sdk/ndk/22.0.7026061/toolchains/llvm/prebuilt/darwin-x86_64/sysroot -g -DANDROID -fdata-sections -ffunction-sections -funwind-tables -fstack-protector-strong -no-canonical-prefixes -D_FORTIFY_SOURCE=2 -Wformat -Werror=format-security  -Wall -Wextra -Wwrite-strings -Wpointer-arith -Wimplicit-fallthrough -Wshadow -Wvla -Werror -DCHECK_FUNCTION_EXISTS=pthread_create -Wl,--exclude-libs,libgcc.a -Wl,--exclude-libs,libgcc_real.a -Wl,--exclude-libs,libatomic.a -static-libstdc++ -Wl,--build-id=sha1 -Wl,--no-rosegment -Wl,--fatal-warnings -Wl,--no-undefined -Qunused-arguments -Wl,--gc-sections   CMakeFiles/cmTC_0b314.dir/CheckFunctionExists.c.o -o cmTC_0b314  -lpthreads -latomic -lm 
ld: error: unable to find library -lpthreads
clang: error: linker command failed with exit code 1 (use -v to see invocation)
gmake[1]: *** [CMakeFiles/cmTC_0b314.dir/build.make:106: cmTC_0b314] Error 1
gmake[1]: Leaving directory '/Users/longlom/Projects/rpo22/libs/mbedtls/build/x86_64/CMakeFiles/CMakeTmp'
gmake: *** [Makefile:140: cmTC_0b314/fast] Error 2



Determining if the function pthread_create exists in the pthread failed with the following output:
Change Dir: /Users/longlom/Projects/rpo22/libs/mbedtls/build/x86_64/CMakeFiles/CMakeTmp

Run Build Command(s):/usr/local/bin/gmake cmTC_6ddb1/fast && /usr/local/bin/gmake  -f CMakeFiles/cmTC_6ddb1.dir/build.make CMakeFiles/cmTC_6ddb1.dir/build
gmake[1]: Entering directory '/Users/longlom/Projects/rpo22/libs/mbedtls/build/x86_64/CMakeFiles/CMakeTmp'
Building C object CMakeFiles/cmTC_6ddb1.dir/CheckFunctionExists.c.o
/Users/longlom/Library/Android/sdk/ndk/22.0.7026061/toolchains/llvm/prebuilt/darwin-x86_64/bin/clang --target=x86_64-none-linux-android21 --gcc-toolchain=/Users/longlom/Library/Android/sdk/ndk/22.0.7026061/toolchains/llvm/prebuilt/darwin-x86_64 --sysroot=/Users/longlom/Library/Android/sdk/ndk/22.0.7026061/toolchains/llvm/prebuilt/darwin-x86_64/sysroot   -g -DANDROID -fdata-sections -ffunction-sections -funwind-tables -fstack-protector-strong -no-canonical-prefixes -D_FORTIFY_SOURCE=2 -Wformat -Werror=format-security  -Wall -Wextra -Wwrite-strings -Wpointer-arith -Wimplicit-fallthrough -Wshadow -Wvla -Werror -DCHECK_FUNCTION_EXISTS=pthread_create -fPIE -o CMakeFiles/cmTC_6ddb1.dir/CheckFunctionExists.c.o -c /usr/local/Cellar/cmake/3.19.5/share/cmake/Modules/CheckFunctionExists.c
Linking C executable cmTC_6ddb1
/usr/local/Cellar/cmake/3.19.5/bin/cmake -E cmake_link_script CMakeFiles/cmTC_6ddb1.dir/link.txt --verbose=1
/Users/longlom/Library/Android/sdk/ndk/22.0.7026061/toolchains/llvm/prebuilt/darwin-x86_64/bin/clang --target=x86_64-none-linux-android21 --gcc-toolchain=/Users/longlom/Library/Android/sdk/ndk/22.0.7026061/toolchains/llvm/prebuilt/darwin-x86_64 --sysroot=/Users/longlom/Library/Android/sdk/ndk/22.0.7026061/toolchains/llvm/prebuilt/darwin-x86_64/sysroot -g -DANDROID -fdata-sections -ffunction-sections -funwind-tables -fstack-protector-strong -no-canonical-prefixes -D_FORTIFY_SOURCE=2 -Wformat -Werror=format-security  -Wall -Wextra -Wwrite-strings -Wpointer-arith -Wimplicit-fallthrough -Wshadow -Wvla -Werror -DCHECK_FUNCTION_EXISTS=pthread_create -Wl,--exclude-libs,libgcc.a -Wl,--exclude-libs,libgcc_real.a -Wl,--exclude-libs,libatomic.a -static-libstdc++ -Wl,--build-id=sha1 -Wl,--no-rosegment -Wl,--fatal-warnings -Wl,--no-undefined -Qunused-arguments -Wl,--gc-sections   CMakeFiles/cmTC_6ddb1.dir/CheckFunctionExists.c.o -o cmTC_6ddb1  -lpthread -latomic -lm 
ld: error: unable to find library -lpthread
clang: error: linker command failed with exit code 1 (use -v to see invocation)
gmake[1]: *** [CMakeFiles/cmTC_6ddb1.dir/build.make:106: cmTC_6ddb1] Error 1
gmake[1]: Leaving directory '/Users/longlom/Projects/rpo22/libs/mbedtls/build/x86_64/CMakeFiles/CMakeTmp'
gmake: *** [Makefile:140: cmTC_6ddb1/fast] Error 2



