The target system is: Android - 1 - i686
The host system is: Darwin - 19.6.0 - x86_64
Compiling the C compiler identification source file "CMakeCCompilerId.c" succeeded.
Compiler: /Users/longlom/Library/Android/sdk/ndk/22.0.7026061/toolchains/llvm/prebuilt/darwin-x86_64/bin/clang 
Build flags: -g;-DANDROID;-fdata-sections;-ffunction-sections;-funwind-tables;-fstack-protector-strong;-no-canonical-prefixes;-mstackrealign;-D_FORTIFY_SOURCE=2;-Wformat;-Werror=format-security;
Id flags: -c;--target=i686-none-linux-android16 

The output was:
0


Compilation of the C compiler identification source "CMakeCCompilerId.c" produced "CMakeCCompilerId.o"

The C compiler identification is Clang, found in "/Users/longlom/Projects/rpo22/libs/mbedtls/build/x86/CMakeFiles/3.19.5/CompilerIdC/CMakeCCompilerId.o"

Detecting C compiler ABI info compiled with the following output:
Change Dir: /Users/longlom/Projects/rpo22/libs/mbedtls/build/x86/CMakeFiles/CMakeTmp

Run Build Command(s):/usr/local/bin/gmake cmTC_c6005/fast && /usr/local/bin/gmake  -f CMakeFiles/cmTC_c6005.dir/build.make CMakeFiles/cmTC_c6005.dir/build
gmake[1]: Entering directory '/Users/longlom/Projects/rpo22/libs/mbedtls/build/x86/CMakeFiles/CMakeTmp'
Building C object CMakeFiles/cmTC_c6005.dir/CMakeCCompilerABI.c.o
/Users/longlom/Library/Android/sdk/ndk/22.0.7026061/toolchains/llvm/prebuilt/darwin-x86_64/bin/clang --target=i686-none-linux-android16 --gcc-toolchain=/Users/longlom/Library/Android/sdk/ndk/22.0.7026061/toolchains/llvm/prebuilt/darwin-x86_64 --sysroot=/Users/longlom/Library/Android/sdk/ndk/22.0.7026061/toolchains/llvm/prebuilt/darwin-x86_64/sysroot   -g -DANDROID -fdata-sections -ffunction-sections -funwind-tables -fstack-protector-strong -no-canonical-prefixes -mstackrealign -D_FORTIFY_SOURCE=2 -Wformat   -fPIE   -v -o CMakeFiles/cmTC_c6005.dir/CMakeCCompilerABI.c.o -c /usr/local/Cellar/cmake/3.19.5/share/cmake/Modules/CMakeCCompilerABI.c
Android (6875598, based on r399163b) clang version 11.0.5 (https://android.googlesource.com/toolchain/llvm-project 87f1315dfbea7c137aa2e6d362dbb457e388158d)
Target: i686-none-linux-android16
Thread model: posix
InstalledDir: /Users/longlom/Library/Android/sdk/ndk/22.0.7026061/toolchains/llvm/prebuilt/darwin-x86_64/bin
Found candidate GCC installation: /Users/longlom/Library/Android/sdk/ndk/22.0.7026061/toolchains/llvm/prebuilt/darwin-x86_64/lib/gcc/i686-linux-android/4.9.x
Found candidate GCC installation: /Users/longlom/Library/Android/sdk/ndk/22.0.7026061/toolchains/llvm/prebuilt/darwin-x86_64/lib/gcc/x86_64-linux-android/4.9.x
Selected GCC installation: /Users/longlom/Library/Android/sdk/ndk/22.0.7026061/toolchains/llvm/prebuilt/darwin-x86_64/lib/gcc/i686-linux-android/4.9.x
Candidate multilib: .;@m32
Selected multilib: .;@m32
 (in-process)
 "/Users/longlom/Library/Android/sdk/ndk/22.0.7026061/toolchains/llvm/prebuilt/darwin-x86_64/bin/clang" -cc1 -triple i686-none-linux-android16 -emit-obj -mrelax-all -mnoexecstack -disable-free -disable-llvm-verifier -discard-value-names -main-file-name CMakeCCompilerABI.c -mrelocation-model pic -pic-level 2 -pic-is-pie -mframe-pointer=all -fno-rounding-math -mconstructor-aliases -munwind-tables -target-cpu i686 -target-feature +ssse3 -fno-split-dwarf-inlining -debug-info-kind=limited -dwarf-version=4 -debugger-tuning=gdb -target-linker-version 305 -v -ffunction-sections -fdata-sections -resource-dir /Users/longlom/Library/Android/sdk/ndk/22.0.7026061/toolchains/llvm/prebuilt/darwin-x86_64/lib64/clang/11.0.5 -D ANDROID -D _FORTIFY_SOURCE=2 -isysroot /Users/longlom/Library/Android/sdk/ndk/22.0.7026061/toolchains/llvm/prebuilt/darwin-x86_64/sysroot -internal-isystem /Users/longlom/Library/Android/sdk/ndk/22.0.7026061/toolchains/llvm/prebuilt/darwin-x86_64/sysroot/usr/local/include -internal-isystem /Users/longlom/Library/Android/sdk/ndk/22.0.7026061/toolchains/llvm/prebuilt/darwin-x86_64/lib64/clang/11.0.5/include -internal-externc-isystem /Users/longlom/Library/Android/sdk/ndk/22.0.7026061/toolchains/llvm/prebuilt/darwin-x86_64/sysroot/usr/include/i686-linux-android -internal-externc-isystem /Users/longlom/Library/Android/sdk/ndk/22.0.7026061/toolchains/llvm/prebuilt/darwin-x86_64/sysroot/include -internal-externc-isystem /Users/longlom/Library/Android/sdk/ndk/22.0.7026061/toolchains/llvm/prebuilt/darwin-x86_64/sysroot/usr/include -Wformat -fdebug-compilation-dir /Users/longlom/Projects/rpo22/libs/mbedtls/build/x86/CMakeFiles/CMakeTmp -ferror-limit 19 -stack-protector 2 -mstackrealign -fgnuc-version=4.2.1 -o CMakeFiles/cmTC_c6005.dir/CMakeCCompilerABI.c.o -x c /usr/local/Cellar/cmake/3.19.5/share/cmake/Modules/CMakeCCompilerABI.c
clang -cc1 version 11.0.5 based upon LLVM 11.0.5git default target x86_64-apple-darwin19.6.0
ignoring nonexistent directory "/Users/longlom/Library/Android/sdk/ndk/22.0.7026061/toolchains/llvm/prebuilt/darwin-x86_64/sysroot/include"
#include "..." search starts here:
#include <...> search starts here:
 /Users/longlom/Library/Android/sdk/ndk/22.0.7026061/toolchains/llvm/prebuilt/darwin-x86_64/sysroot/usr/local/include
 /Users/longlom/Library/Android/sdk/ndk/22.0.7026061/toolchains/llvm/prebuilt/darwin-x86_64/lib64/clang/11.0.5/include
 /Users/longlom/Library/Android/sdk/ndk/22.0.7026061/toolchains/llvm/prebuilt/darwin-x86_64/sysroot/usr/include/i686-linux-android
 /Users/longlom/Library/Android/sdk/ndk/22.0.7026061/toolchains/llvm/prebuilt/darwin-x86_64/sysroot/usr/include
End of search list.
Linking C executable cmTC_c6005
/usr/local/Cellar/cmake/3.19.5/bin/cmake -E cmake_link_script CMakeFiles/cmTC_c6005.dir/link.txt --verbose=1
/Users/longlom/Library/Android/sdk/ndk/22.0.7026061/toolchains/llvm/prebuilt/darwin-x86_64/bin/clang --target=i686-none-linux-android16 --gcc-toolchain=/Users/longlom/Library/Android/sdk/ndk/22.0.7026061/toolchains/llvm/prebuilt/darwin-x86_64 --sysroot=/Users/longlom/Library/Android/sdk/ndk/22.0.7026061/toolchains/llvm/prebuilt/darwin-x86_64/sysroot -g -DANDROID -fdata-sections -ffunction-sections -funwind-tables -fstack-protector-strong -no-canonical-prefixes -mstackrealign -D_FORTIFY_SOURCE=2 -Wformat   -Wl,--exclude-libs,libgcc.a -Wl,--exclude-libs,libgcc_real.a -Wl,--exclude-libs,libatomic.a -static-libstdc++ -Wl,--build-id=sha1 -Wl,--no-rosegment -Wl,--fatal-warnings -Wl,--no-undefined -Qunused-arguments -Wl,--gc-sections  -v CMakeFiles/cmTC_c6005.dir/CMakeCCompilerABI.c.o -o cmTC_c6005 
Android (6875598, based on r399163b) clang version 11.0.5 (https://android.googlesource.com/toolchain/llvm-project 87f1315dfbea7c137aa2e6d362dbb457e388158d)
Target: i686-none-linux-android16
Thread model: posix
InstalledDir: /Users/longlom/Library/Android/sdk/ndk/22.0.7026061/toolchains/llvm/prebuilt/darwin-x86_64/bin
Found candidate GCC installation: /Users/longlom/Library/Android/sdk/ndk/22.0.7026061/toolchains/llvm/prebuilt/darwin-x86_64/lib/gcc/i686-linux-android/4.9.x
Found candidate GCC installation: /Users/longlom/Library/Android/sdk/ndk/22.0.7026061/toolchains/llvm/prebuilt/darwin-x86_64/lib/gcc/x86_64-linux-android/4.9.x
Selected GCC installation: /Users/longlom/Library/Android/sdk/ndk/22.0.7026061/toolchains/llvm/prebuilt/darwin-x86_64/lib/gcc/i686-linux-android/4.9.x
Candidate multilib: .;@m32
Selected multilib: .;@m32
 "/Users/longlom/Library/Android/sdk/ndk/22.0.7026061/toolchains/llvm/prebuilt/darwin-x86_64/bin/ld" --sysroot=/Users/longlom/Library/Android/sdk/ndk/22.0.7026061/toolchains/llvm/prebuilt/darwin-x86_64/sysroot -pie -z noexecstack --warn-shared-textrel -z now -z relro --hash-style=both --enable-new-dtags --eh-frame-hdr -m elf_i386 -dynamic-linker /system/bin/linker -o cmTC_c6005 /Users/longlom/Library/Android/sdk/ndk/22.0.7026061/toolchains/llvm/prebuilt/darwin-x86_64/sysroot/usr/lib/i686-linux-android/16/crtbegin_dynamic.o -L/Users/longlom/Library/Android/sdk/ndk/22.0.7026061/toolchains/llvm/prebuilt/darwin-x86_64/lib64/clang/11.0.5/lib/linux/i386 -L/Users/longlom/Library/Android/sdk/ndk/22.0.7026061/toolchains/llvm/prebuilt/darwin-x86_64/lib/gcc/i686-linux-android/4.9.x -L/Users/longlom/Library/Android/sdk/ndk/22.0.7026061/toolchains/llvm/prebuilt/darwin-x86_64/sysroot/usr/lib/i686-linux-android/16 -L/Users/longlom/Library/Android/sdk/ndk/22.0.7026061/toolchains/llvm/prebuilt/darwin-x86_64/sysroot/usr/lib/i686-linux-android -L/Users/longlom/Library/Android/sdk/ndk/22.0.7026061/toolchains/llvm/prebuilt/darwin-x86_64/lib/gcc/i686-linux-android/4.9.x/../../../../i686-linux-android/lib -L/Users/longlom/Library/Android/sdk/ndk/22.0.7026061/toolchains/llvm/prebuilt/darwin-x86_64/sysroot/usr/lib --exclude-libs libgcc.a --exclude-libs libgcc_real.a --exclude-libs libatomic.a --build-id=sha1 --no-rosegment --fatal-warnings --no-undefined --gc-sections CMakeFiles/cmTC_c6005.dir/CMakeCCompilerABI.c.o -lgcc -ldl -lc -lgcc -ldl /Users/longlom/Library/Android/sdk/ndk/22.0.7026061/toolchains/llvm/prebuilt/darwin-x86_64/sysroot/usr/lib/i686-linux-android/16/crtend_android.o
gmake[1]: Leaving directory '/Users/longlom/Projects/rpo22/libs/mbedtls/build/x86/CMakeFiles/CMakeTmp'



Parsed C implicit include dir info from above output: rv=done
  found start of include info
  found start of implicit include info
    add: [/Users/longlom/Library/Android/sdk/ndk/22.0.7026061/toolchains/llvm/prebuilt/darwin-x86_64/sysroot/usr/local/include]
    add: [/Users/longlom/Library/Android/sdk/ndk/22.0.7026061/toolchains/llvm/prebuilt/darwin-x86_64/lib64/clang/11.0.5/include]
    add: [/Users/longlom/Library/Android/sdk/ndk/22.0.7026061/toolchains/llvm/prebuilt/darwin-x86_64/sysroot/usr/include/i686-linux-android]
    add: [/Users/longlom/Library/Android/sdk/ndk/22.0.7026061/toolchains/llvm/prebuilt/darwin-x86_64/sysroot/usr/include]
  end of search list found
  collapse include dir [/Users/longlom/Library/Android/sdk/ndk/22.0.7026061/toolchains/llvm/prebuilt/darwin-x86_64/sysroot/usr/local/include] ==> [/Users/longlom/Library/Android/sdk/ndk/22.0.7026061/toolchains/llvm/prebuilt/darwin-x86_64/sysroot/usr/local/include]
  collapse include dir [/Users/longlom/Library/Android/sdk/ndk/22.0.7026061/toolchains/llvm/prebuilt/darwin-x86_64/lib64/clang/11.0.5/include] ==> [/Users/longlom/Library/Android/sdk/ndk/22.0.7026061/toolchains/llvm/prebuilt/darwin-x86_64/lib64/clang/11.0.5/include]
  collapse include dir [/Users/longlom/Library/Android/sdk/ndk/22.0.7026061/toolchains/llvm/prebuilt/darwin-x86_64/sysroot/usr/include/i686-linux-android] ==> [/Users/longlom/Library/Android/sdk/ndk/22.0.7026061/toolchains/llvm/prebuilt/darwin-x86_64/sysroot/usr/include/i686-linux-android]
  collapse include dir [/Users/longlom/Library/Android/sdk/ndk/22.0.7026061/toolchains/llvm/prebuilt/darwin-x86_64/sysroot/usr/include] ==> [/Users/longlom/Library/Android/sdk/ndk/22.0.7026061/toolchains/llvm/prebuilt/darwin-x86_64/sysroot/usr/include]
  implicit include dirs: [/Users/longlom/Library/Android/sdk/ndk/22.0.7026061/toolchains/llvm/prebuilt/darwin-x86_64/sysroot/usr/local/include;/Users/longlom/Library/Android/sdk/ndk/22.0.7026061/toolchains/llvm/prebuilt/darwin-x86_64/lib64/clang/11.0.5/include;/Users/longlom/Library/Android/sdk/ndk/22.0.7026061/toolchains/llvm/prebuilt/darwin-x86_64/sysroot/usr/include/i686-linux-android;/Users/longlom/Library/Android/sdk/ndk/22.0.7026061/toolchains/llvm/prebuilt/darwin-x86_64/sysroot/usr/include]


Parsed C implicit link information from above output:
  link line regex: [^( *|.*[/\])(ld\.lld|CMAKE_LINK_STARTFILE-NOTFOUND|([^/\]+-)?ld|collect2)[^/\]*( |$)]
  ignore line: [Change Dir: /Users/longlom/Projects/rpo22/libs/mbedtls/build/x86/CMakeFiles/CMakeTmp]
  ignore line: []
  ignore line: [Run Build Command(s):/usr/local/bin/gmake cmTC_c6005/fast && /usr/local/bin/gmake  -f CMakeFiles/cmTC_c6005.dir/build.make CMakeFiles/cmTC_c6005.dir/build]
  ignore line: [gmake[1]: Entering directory '/Users/longlom/Projects/rpo22/libs/mbedtls/build/x86/CMakeFiles/CMakeTmp']
  ignore line: [Building C object CMakeFiles/cmTC_c6005.dir/CMakeCCompilerABI.c.o]
  ignore line: [/Users/longlom/Library/Android/sdk/ndk/22.0.7026061/toolchains/llvm/prebuilt/darwin-x86_64/bin/clang --target=i686-none-linux-android16 --gcc-toolchain=/Users/longlom/Library/Android/sdk/ndk/22.0.7026061/toolchains/llvm/prebuilt/darwin-x86_64 --sysroot=/Users/longlom/Library/Android/sdk/ndk/22.0.7026061/toolchains/llvm/prebuilt/darwin-x86_64/sysroot   -g -DANDROID -fdata-sections -ffunction-sections -funwind-tables -fstack-protector-strong -no-canonical-prefixes -mstackrealign -D_FORTIFY_SOURCE=2 -Wformat   -fPIE   -v -o CMakeFiles/cmTC_c6005.dir/CMakeCCompilerABI.c.o -c /usr/local/Cellar/cmake/3.19.5/share/cmake/Modules/CMakeCCompilerABI.c]
  ignore line: [Android (6875598  based on r399163b) clang version 11.0.5 (https://android.googlesource.com/toolchain/llvm-project 87f1315dfbea7c137aa2e6d362dbb457e388158d)]
  ignore line: [Target: i686-none-linux-android16]
  ignore line: [Thread model: posix]
  ignore line: [InstalledDir: /Users/longlom/Library/Android/sdk/ndk/22.0.7026061/toolchains/llvm/prebuilt/darwin-x86_64/bin]
  ignore line: [Found candidate GCC installation: /Users/longlom/Library/Android/sdk/ndk/22.0.7026061/toolchains/llvm/prebuilt/darwin-x86_64/lib/gcc/i686-linux-android/4.9.x]
  ignore line: [Found candidate GCC installation: /Users/longlom/Library/Android/sdk/ndk/22.0.7026061/toolchains/llvm/prebuilt/darwin-x86_64/lib/gcc/x86_64-linux-android/4.9.x]
  ignore line: [Selected GCC installation: /Users/longlom/Library/Android/sdk/ndk/22.0.7026061/toolchains/llvm/prebuilt/darwin-x86_64/lib/gcc/i686-linux-android/4.9.x]
  ignore line: [Candidate multilib: .]
  ignore line: [@m32]
  ignore line: [Selected multilib: .]
  ignore line: [@m32]
  ignore line: [ (in-process)]
  ignore line: [ "/Users/longlom/Library/Android/sdk/ndk/22.0.7026061/toolchains/llvm/prebuilt/darwin-x86_64/bin/clang" -cc1 -triple i686-none-linux-android16 -emit-obj -mrelax-all -mnoexecstack -disable-free -disable-llvm-verifier -discard-value-names -main-file-name CMakeCCompilerABI.c -mrelocation-model pic -pic-level 2 -pic-is-pie -mframe-pointer=all -fno-rounding-math -mconstructor-aliases -munwind-tables -target-cpu i686 -target-feature +ssse3 -fno-split-dwarf-inlining -debug-info-kind=limited -dwarf-version=4 -debugger-tuning=gdb -target-linker-version 305 -v -ffunction-sections -fdata-sections -resource-dir /Users/longlom/Library/Android/sdk/ndk/22.0.7026061/toolchains/llvm/prebuilt/darwin-x86_64/lib64/clang/11.0.5 -D ANDROID -D _FORTIFY_SOURCE=2 -isysroot /Users/longlom/Library/Android/sdk/ndk/22.0.7026061/toolchains/llvm/prebuilt/darwin-x86_64/sysroot -internal-isystem /Users/longlom/Library/Android/sdk/ndk/22.0.7026061/toolchains/llvm/prebuilt/darwin-x86_64/sysroot/usr/local/include -internal-isystem /Users/longlom/Library/Android/sdk/ndk/22.0.7026061/toolchains/llvm/prebuilt/darwin-x86_64/lib64/clang/11.0.5/include -internal-externc-isystem /Users/longlom/Library/Android/sdk/ndk/22.0.7026061/toolchains/llvm/prebuilt/darwin-x86_64/sysroot/usr/include/i686-linux-android -internal-externc-isystem /Users/longlom/Library/Android/sdk/ndk/22.0.7026061/toolchains/llvm/prebuilt/darwin-x86_64/sysroot/include -internal-externc-isystem /Users/longlom/Library/Android/sdk/ndk/22.0.7026061/toolchains/llvm/prebuilt/darwin-x86_64/sysroot/usr/include -Wformat -fdebug-compilation-dir /Users/longlom/Projects/rpo22/libs/mbedtls/build/x86/CMakeFiles/CMakeTmp -ferror-limit 19 -stack-protector 2 -mstackrealign -fgnuc-version=4.2.1 -o CMakeFiles/cmTC_c6005.dir/CMakeCCompilerABI.c.o -x c /usr/local/Cellar/cmake/3.19.5/share/cmake/Modules/CMakeCCompilerABI.c]
  ignore line: [clang -cc1 version 11.0.5 based upon LLVM 11.0.5git default target x86_64-apple-darwin19.6.0]
  ignore line: [ignoring nonexistent directory "/Users/longlom/Library/Android/sdk/ndk/22.0.7026061/toolchains/llvm/prebuilt/darwin-x86_64/sysroot/include"]
  ignore line: [#include "..." search starts here:]
  ignore line: [#include <...> search starts here:]
  ignore line: [ /Users/longlom/Library/Android/sdk/ndk/22.0.7026061/toolchains/llvm/prebuilt/darwin-x86_64/sysroot/usr/local/include]
  ignore line: [ /Users/longlom/Library/Android/sdk/ndk/22.0.7026061/toolchains/llvm/prebuilt/darwin-x86_64/lib64/clang/11.0.5/include]
  ignore line: [ /Users/longlom/Library/Android/sdk/ndk/22.0.7026061/toolchains/llvm/prebuilt/darwin-x86_64/sysroot/usr/include/i686-linux-android]
  ignore line: [ /Users/longlom/Library/Android/sdk/ndk/22.0.7026061/toolchains/llvm/prebuilt/darwin-x86_64/sysroot/usr/include]
  ignore line: [End of search list.]
  ignore line: [Linking C executable cmTC_c6005]
  ignore line: [/usr/local/Cellar/cmake/3.19.5/bin/cmake -E cmake_link_script CMakeFiles/cmTC_c6005.dir/link.txt --verbose=1]
  ignore line: [/Users/longlom/Library/Android/sdk/ndk/22.0.7026061/toolchains/llvm/prebuilt/darwin-x86_64/bin/clang --target=i686-none-linux-android16 --gcc-toolchain=/Users/longlom/Library/Android/sdk/ndk/22.0.7026061/toolchains/llvm/prebuilt/darwin-x86_64 --sysroot=/Users/longlom/Library/Android/sdk/ndk/22.0.7026061/toolchains/llvm/prebuilt/darwin-x86_64/sysroot -g -DANDROID -fdata-sections -ffunction-sections -funwind-tables -fstack-protector-strong -no-canonical-prefixes -mstackrealign -D_FORTIFY_SOURCE=2 -Wformat   -Wl --exclude-libs libgcc.a -Wl --exclude-libs libgcc_real.a -Wl --exclude-libs libatomic.a -static-libstdc++ -Wl --build-id=sha1 -Wl --no-rosegment -Wl --fatal-warnings -Wl --no-undefined -Qunused-arguments -Wl --gc-sections  -v CMakeFiles/cmTC_c6005.dir/CMakeCCompilerABI.c.o -o cmTC_c6005 ]
  ignore line: [Android (6875598  based on r399163b) clang version 11.0.5 (https://android.googlesource.com/toolchain/llvm-project 87f1315dfbea7c137aa2e6d362dbb457e388158d)]
  ignore line: [Target: i686-none-linux-android16]
  ignore line: [Thread model: posix]
  ignore line: [InstalledDir: /Users/longlom/Library/Android/sdk/ndk/22.0.7026061/toolchains/llvm/prebuilt/darwin-x86_64/bin]
  ignore line: [Found candidate GCC installation: /Users/longlom/Library/Android/sdk/ndk/22.0.7026061/toolchains/llvm/prebuilt/darwin-x86_64/lib/gcc/i686-linux-android/4.9.x]
  ignore line: [Found candidate GCC installation: /Users/longlom/Library/Android/sdk/ndk/22.0.7026061/toolchains/llvm/prebuilt/darwin-x86_64/lib/gcc/x86_64-linux-android/4.9.x]
  ignore line: [Selected GCC installation: /Users/longlom/Library/Android/sdk/ndk/22.0.7026061/toolchains/llvm/prebuilt/darwin-x86_64/lib/gcc/i686-linux-android/4.9.x]
  ignore line: [Candidate multilib: .]
  ignore line: [@m32]
  ignore line: [Selected multilib: .]
  ignore line: [@m32]
  link line: [ "/Users/longlom/Library/Android/sdk/ndk/22.0.7026061/toolchains/llvm/prebuilt/darwin-x86_64/bin/ld" --sysroot=/Users/longlom/Library/Android/sdk/ndk/22.0.7026061/toolchains/llvm/prebuilt/darwin-x86_64/sysroot -pie -z noexecstack --warn-shared-textrel -z now -z relro --hash-style=both --enable-new-dtags --eh-frame-hdr -m elf_i386 -dynamic-linker /system/bin/linker -o cmTC_c6005 /Users/longlom/Library/Android/sdk/ndk/22.0.7026061/toolchains/llvm/prebuilt/darwin-x86_64/sysroot/usr/lib/i686-linux-android/16/crtbegin_dynamic.o -L/Users/longlom/Library/Android/sdk/ndk/22.0.7026061/toolchains/llvm/prebuilt/darwin-x86_64/lib64/clang/11.0.5/lib/linux/i386 -L/Users/longlom/Library/Android/sdk/ndk/22.0.7026061/toolchains/llvm/prebuilt/darwin-x86_64/lib/gcc/i686-linux-android/4.9.x -L/Users/longlom/Library/Android/sdk/ndk/22.0.7026061/toolchains/llvm/prebuilt/darwin-x86_64/sysroot/usr/lib/i686-linux-android/16 -L/Users/longlom/Library/Android/sdk/ndk/22.0.7026061/toolchains/llvm/prebuilt/darwin-x86_64/sysroot/usr/lib/i686-linux-android -L/Users/longlom/Library/Android/sdk/ndk/22.0.7026061/toolchains/llvm/prebuilt/darwin-x86_64/lib/gcc/i686-linux-android/4.9.x/../../../../i686-linux-android/lib -L/Users/longlom/Library/Android/sdk/ndk/22.0.7026061/toolchains/llvm/prebuilt/darwin-x86_64/sysroot/usr/lib --exclude-libs libgcc.a --exclude-libs libgcc_real.a --exclude-libs libatomic.a --build-id=sha1 --no-rosegment --fatal-warnings --no-undefined --gc-sections CMakeFiles/cmTC_c6005.dir/CMakeCCompilerABI.c.o -lgcc -ldl -lc -lgcc -ldl /Users/longlom/Library/Android/sdk/ndk/22.0.7026061/toolchains/llvm/prebuilt/darwin-x86_64/sysroot/usr/lib/i686-linux-android/16/crtend_android.o]
    arg [/Users/longlom/Library/Android/sdk/ndk/22.0.7026061/toolchains/llvm/prebuilt/darwin-x86_64/bin/ld] ==> ignore
    arg [--sysroot=/Users/longlom/Library/Android/sdk/ndk/22.0.7026061/toolchains/llvm/prebuilt/darwin-x86_64/sysroot] ==> ignore
    arg [-pie] ==> ignore
    arg [-znoexecstack] ==> ignore
    arg [--warn-shared-textrel] ==> ignore
    arg [-znow] ==> ignore
    arg [-zrelro] ==> ignore
    arg [--hash-style=both] ==> ignore
    arg [--enable-new-dtags] ==> ignore
    arg [--eh-frame-hdr] ==> ignore
    arg [-m] ==> ignore
    arg [elf_i386] ==> ignore
    arg [-dynamic-linker] ==> ignore
    arg [/system/bin/linker] ==> ignore
    arg [-o] ==> ignore
    arg [cmTC_c6005] ==> ignore
    arg [/Users/longlom/Library/Android/sdk/ndk/22.0.7026061/toolchains/llvm/prebuilt/darwin-x86_64/sysroot/usr/lib/i686-linux-android/16/crtbegin_dynamic.o] ==> ignore
    arg [-L/Users/longlom/Library/Android/sdk/ndk/22.0.7026061/toolchains/llvm/prebuilt/darwin-x86_64/lib64/clang/11.0.5/lib/linux/i386] ==> dir [/Users/longlom/Library/Android/sdk/ndk/22.0.7026061/toolchains/llvm/prebuilt/darwin-x86_64/lib64/clang/11.0.5/lib/linux/i386]
    arg [-L/Users/longlom/Library/Android/sdk/ndk/22.0.7026061/toolchains/llvm/prebuilt/darwin-x86_64/lib/gcc/i686-linux-android/4.9.x] ==> dir [/Users/longlom/Library/Android/sdk/ndk/22.0.7026061/toolchains/llvm/prebuilt/darwin-x86_64/lib/gcc/i686-linux-android/4.9.x]
    arg [-L/Users/longlom/Library/Android/sdk/ndk/22.0.7026061/toolchains/llvm/prebuilt/darwin-x86_64/sysroot/usr/lib/i686-linux-android/16] ==> dir [/Users/longlom/Library/Android/sdk/ndk/22.0.7026061/toolchains/llvm/prebuilt/darwin-x86_64/sysroot/usr/lib/i686-linux-android/16]
    arg [-L/Users/longlom/Library/Android/sdk/ndk/22.0.7026061/toolchains/llvm/prebuilt/darwin-x86_64/sysroot/usr/lib/i686-linux-android] ==> dir [/Users/longlom/Library/Android/sdk/ndk/22.0.7026061/toolchains/llvm/prebuilt/darwin-x86_64/sysroot/usr/lib/i686-linux-android]
    arg [-L/Users/longlom/Library/Android/sdk/ndk/22.0.7026061/toolchains/llvm/prebuilt/darwin-x86_64/lib/gcc/i686-linux-android/4.9.x/../../../../i686-linux-android/lib] ==> dir [/Users/longlom/Library/Android/sdk/ndk/22.0.7026061/toolchains/llvm/prebuilt/darwin-x86_64/lib/gcc/i686-linux-android/4.9.x/../../../../i686-linux-android/lib]
    arg [-L/Users/longlom/Library/Android/sdk/ndk/22.0.7026061/toolchains/llvm/prebuilt/darwin-x86_64/sysroot/usr/lib] ==> dir [/Users/longlom/Library/Android/sdk/ndk/22.0.7026061/toolchains/llvm/prebuilt/darwin-x86_64/sysroot/usr/lib]
    arg [--exclude-libs] ==> ignore
    arg [libgcc.a] ==> ignore
    arg [--exclude-libs] ==> ignore
    arg [libgcc_real.a] ==> ignore
    arg [--exclude-libs] ==> ignore
    arg [libatomic.a] ==> ignore
    arg [--build-id=sha1] ==> ignore
    arg [--no-rosegment] ==> ignore
    arg [--fatal-warnings] ==> ignore
    arg [--no-undefined] ==> ignore
    arg [--gc-sections] ==> ignore
    arg [CMakeFiles/cmTC_c6005.dir/CMakeCCompilerABI.c.o] ==> ignore
    arg [-lgcc] ==> lib [gcc]
    arg [-ldl] ==> lib [dl]
    arg [-lc] ==> lib [c]
    arg [-lgcc] ==> lib [gcc]
    arg [-ldl] ==> lib [dl]
    arg [/Users/longlom/Library/Android/sdk/ndk/22.0.7026061/toolchains/llvm/prebuilt/darwin-x86_64/sysroot/usr/lib/i686-linux-android/16/crtend_android.o] ==> ignore
  collapse library dir [/Users/longlom/Library/Android/sdk/ndk/22.0.7026061/toolchains/llvm/prebuilt/darwin-x86_64/lib64/clang/11.0.5/lib/linux/i386] ==> [/Users/longlom/Library/Android/sdk/ndk/22.0.7026061/toolchains/llvm/prebuilt/darwin-x86_64/lib64/clang/11.0.5/lib/linux/i386]
  collapse library dir [/Users/longlom/Library/Android/sdk/ndk/22.0.7026061/toolchains/llvm/prebuilt/darwin-x86_64/lib/gcc/i686-linux-android/4.9.x] ==> [/Users/longlom/Library/Android/sdk/ndk/22.0.7026061/toolchains/llvm/prebuilt/darwin-x86_64/lib/gcc/i686-linux-android/4.9.x]
  collapse library dir [/Users/longlom/Library/Android/sdk/ndk/22.0.7026061/toolchains/llvm/prebuilt/darwin-x86_64/sysroot/usr/lib/i686-linux-android/16] ==> [/Users/longlom/Library/Android/sdk/ndk/22.0.7026061/toolchains/llvm/prebuilt/darwin-x86_64/sysroot/usr/lib/i686-linux-android/16]
  collapse library dir [/Users/longlom/Library/Android/sdk/ndk/22.0.7026061/toolchains/llvm/prebuilt/darwin-x86_64/sysroot/usr/lib/i686-linux-android] ==> [/Users/longlom/Library/Android/sdk/ndk/22.0.7026061/toolchains/llvm/prebuilt/darwin-x86_64/sysroot/usr/lib/i686-linux-android]
  collapse library dir [/Users/longlom/Library/Android/sdk/ndk/22.0.7026061/toolchains/llvm/prebuilt/darwin-x86_64/lib/gcc/i686-linux-android/4.9.x/../../../../i686-linux-android/lib] ==> [/Users/longlom/Library/Android/sdk/ndk/22.0.7026061/toolchains/llvm/prebuilt/darwin-x86_64/i686-linux-android/lib]
  collapse library dir [/Users/longlom/Library/Android/sdk/ndk/22.0.7026061/toolchains/llvm/prebuilt/darwin-x86_64/sysroot/usr/lib] ==> [/Users/longlom/Library/Android/sdk/ndk/22.0.7026061/toolchains/llvm/prebuilt/darwin-x86_64/sysroot/usr/lib]
  implicit libs: [gcc;dl;c;gcc;dl]
  implicit dirs: [/Users/longlom/Library/Android/sdk/ndk/22.0.7026061/toolchains/llvm/prebuilt/darwin-x86_64/lib64/clang/11.0.5/lib/linux/i386;/Users/longlom/Library/Android/sdk/ndk/22.0.7026061/toolchains/llvm/prebuilt/darwin-x86_64/lib/gcc/i686-linux-android/4.9.x;/Users/longlom/Library/Android/sdk/ndk/22.0.7026061/toolchains/llvm/prebuilt/darwin-x86_64/sysroot/usr/lib/i686-linux-android/16;/Users/longlom/Library/Android/sdk/ndk/22.0.7026061/toolchains/llvm/prebuilt/darwin-x86_64/sysroot/usr/lib/i686-linux-android;/Users/longlom/Library/Android/sdk/ndk/22.0.7026061/toolchains/llvm/prebuilt/darwin-x86_64/i686-linux-android/lib;/Users/longlom/Library/Android/sdk/ndk/22.0.7026061/toolchains/llvm/prebuilt/darwin-x86_64/sysroot/usr/lib]
  implicit fwks: []


Determining if the include file pthread.h exists passed with the following output:
Change Dir: /Users/longlom/Projects/rpo22/libs/mbedtls/build/x86/CMakeFiles/CMakeTmp

Run Build Command(s):/usr/local/bin/gmake cmTC_8af02/fast && /usr/local/bin/gmake  -f CMakeFiles/cmTC_8af02.dir/build.make CMakeFiles/cmTC_8af02.dir/build
gmake[1]: Entering directory '/Users/longlom/Projects/rpo22/libs/mbedtls/build/x86/CMakeFiles/CMakeTmp'
Building C object CMakeFiles/cmTC_8af02.dir/CheckIncludeFile.c.o
/Users/longlom/Library/Android/sdk/ndk/22.0.7026061/toolchains/llvm/prebuilt/darwin-x86_64/bin/clang --target=i686-none-linux-android16 --gcc-toolchain=/Users/longlom/Library/Android/sdk/ndk/22.0.7026061/toolchains/llvm/prebuilt/darwin-x86_64 --sysroot=/Users/longlom/Library/Android/sdk/ndk/22.0.7026061/toolchains/llvm/prebuilt/darwin-x86_64/sysroot   -g -DANDROID -fdata-sections -ffunction-sections -funwind-tables -fstack-protector-strong -no-canonical-prefixes -mstackrealign -D_FORTIFY_SOURCE=2 -Wformat -Werror=format-security  -Wall -Wextra -Wwrite-strings -Wpointer-arith -Wimplicit-fallthrough -Wshadow -Wvla -Werror  -fPIE -o CMakeFiles/cmTC_8af02.dir/CheckIncludeFile.c.o -c /Users/longlom/Projects/rpo22/libs/mbedtls/build/x86/CMakeFiles/CMakeTmp/CheckIncludeFile.c
Linking C executable cmTC_8af02
/usr/local/Cellar/cmake/3.19.5/bin/cmake -E cmake_link_script CMakeFiles/cmTC_8af02.dir/link.txt --verbose=1
/Users/longlom/Library/Android/sdk/ndk/22.0.7026061/toolchains/llvm/prebuilt/darwin-x86_64/bin/clang --target=i686-none-linux-android16 --gcc-toolchain=/Users/longlom/Library/Android/sdk/ndk/22.0.7026061/toolchains/llvm/prebuilt/darwin-x86_64 --sysroot=/Users/longlom/Library/Android/sdk/ndk/22.0.7026061/toolchains/llvm/prebuilt/darwin-x86_64/sysroot -g -DANDROID -fdata-sections -ffunction-sections -funwind-tables -fstack-protector-strong -no-canonical-prefixes -mstackrealign -D_FORTIFY_SOURCE=2 -Wformat -Werror=format-security  -Wall -Wextra -Wwrite-strings -Wpointer-arith -Wimplicit-fallthrough -Wshadow -Wvla -Werror  -Wl,--exclude-libs,libgcc.a -Wl,--exclude-libs,libgcc_real.a -Wl,--exclude-libs,libatomic.a -static-libstdc++ -Wl,--build-id=sha1 -Wl,--no-rosegment -Wl,--fatal-warnings -Wl,--no-undefined -Qunused-arguments -Wl,--gc-sections   CMakeFiles/cmTC_8af02.dir/CheckIncludeFile.c.o -o cmTC_8af02  -latomic -lm 
gmake[1]: Leaving directory '/Users/longlom/Projects/rpo22/libs/mbedtls/build/x86/CMakeFiles/CMakeTmp'



